
Running 9 tests using 1 worker

[1A[2K[1/9] [chromium] â€º tests/e2e/follow.spec.ts:102:7 â€º ãƒ•ã‚©ãƒ­ãƒ¼æ©Ÿèƒ½E2Eãƒ†ã‚¹ãƒˆ â€º ãƒ•ã‚©ãƒ­ãƒ¼ãƒœã‚¿ãƒ³ãŒè¡¨ç¤ºã•ã‚Œã‚‹
[1A[2K  1) [chromium] â€º tests/e2e/follow.spec.ts:102:7 â€º ãƒ•ã‚©ãƒ­ãƒ¼æ©Ÿèƒ½E2Eãƒ†ã‚¹ãƒˆ â€º ãƒ•ã‚©ãƒ­ãƒ¼ãƒœã‚¿ãƒ³ãŒè¡¨ç¤ºã•ã‚Œã‚‹ â”€â”€â”€â”€â”€â”€â”€â”€â”€â”€â”€â”€â”€â”€â”€â”€â”€â”€â”€â”€

    Error: [2mexpect([22m[31mlocator[39m[2m).[22mtoBeVisible[2m()[22m failed

    Locator:  locator('button[data-testid="follow-button"]').first()
    Expected: visible
    Received: <element(s) not found>
    Timeout:  10000ms

    Call log:
    [2m  - Expect "toBeVisible" with timeout 10000ms[22m
    [2m  - waiting for locator('button[data-testid="follow-button"]').first()[22m


      108 |     
      109 |     // ãƒœã‚¿ãƒ³ã®å­˜åœ¨ç¢ºèªï¼ˆã‚¿ã‚¤ãƒ ã‚¢ã‚¦ãƒˆ10ç§’ï¼‰
    > 110 |     await expect(followButton).toBeVisible({ timeout: 10000 });
          |                                ^
      111 |     
      112 |     // ãƒœã‚¿ãƒ³ãƒ†ã‚­ã‚¹ãƒˆç¢ºèª
      113 |     const buttonText = await followButton.textContent();
        at /Users/yoshitaka.yamagishi/Documents/projects/my-board-app/tests/e2e/follow.spec.ts:110:32

    attachment #1: screenshot (image/png) â”€â”€â”€â”€â”€â”€â”€â”€â”€â”€â”€â”€â”€â”€â”€â”€â”€â”€â”€â”€â”€â”€â”€â”€â”€â”€â”€â”€â”€â”€â”€â”€â”€â”€â”€â”€â”€â”€â”€â”€â”€â”€â”€â”€â”€â”€â”€â”€â”€â”€â”€â”€â”€â”€â”€â”€â”€â”€
    test-results/follow-ãƒ•ã‚©ãƒ­ãƒ¼æ©Ÿèƒ½E2Eãƒ†ã‚¹ãƒˆ-ãƒ•ã‚©ãƒ­ãƒ¼ãƒœã‚¿ãƒ³ãŒè¡¨ç¤ºã•ã‚Œã‚‹-chromium/test-failed-1.png
    â”€â”€â”€â”€â”€â”€â”€â”€â”€â”€â”€â”€â”€â”€â”€â”€â”€â”€â”€â”€â”€â”€â”€â”€â”€â”€â”€â”€â”€â”€â”€â”€â”€â”€â”€â”€â”€â”€â”€â”€â”€â”€â”€â”€â”€â”€â”€â”€â”€â”€â”€â”€â”€â”€â”€â”€â”€â”€â”€â”€â”€â”€â”€â”€â”€â”€â”€â”€â”€â”€â”€â”€â”€â”€â”€â”€â”€â”€â”€â”€â”€â”€â”€â”€â”€â”€â”€â”€â”€â”€â”€â”€â”€â”€â”€â”€

    attachment #2: video (video/webm) â”€â”€â”€â”€â”€â”€â”€â”€â”€â”€â”€â”€â”€â”€â”€â”€â”€â”€â”€â”€â”€â”€â”€â”€â”€â”€â”€â”€â”€â”€â”€â”€â”€â”€â”€â”€â”€â”€â”€â”€â”€â”€â”€â”€â”€â”€â”€â”€â”€â”€â”€â”€â”€â”€â”€â”€â”€â”€â”€â”€â”€â”€
    test-results/follow-ãƒ•ã‚©ãƒ­ãƒ¼æ©Ÿèƒ½E2Eãƒ†ã‚¹ãƒˆ-ãƒ•ã‚©ãƒ­ãƒ¼ãƒœã‚¿ãƒ³ãŒè¡¨ç¤ºã•ã‚Œã‚‹-chromium/video.webm
    â”€â”€â”€â”€â”€â”€â”€â”€â”€â”€â”€â”€â”€â”€â”€â”€â”€â”€â”€â”€â”€â”€â”€â”€â”€â”€â”€â”€â”€â”€â”€â”€â”€â”€â”€â”€â”€â”€â”€â”€â”€â”€â”€â”€â”€â”€â”€â”€â”€â”€â”€â”€â”€â”€â”€â”€â”€â”€â”€â”€â”€â”€â”€â”€â”€â”€â”€â”€â”€â”€â”€â”€â”€â”€â”€â”€â”€â”€â”€â”€â”€â”€â”€â”€â”€â”€â”€â”€â”€â”€â”€â”€â”€â”€â”€â”€

    Error Context: test-results/follow-ãƒ•ã‚©ãƒ­ãƒ¼æ©Ÿèƒ½E2Eãƒ†ã‚¹ãƒˆ-ãƒ•ã‚©ãƒ­ãƒ¼ãƒœã‚¿ãƒ³ãŒè¡¨ç¤ºã•ã‚Œã‚‹-chromium/error-context.md

    attachment #4: trace (application/zip) â”€â”€â”€â”€â”€â”€â”€â”€â”€â”€â”€â”€â”€â”€â”€â”€â”€â”€â”€â”€â”€â”€â”€â”€â”€â”€â”€â”€â”€â”€â”€â”€â”€â”€â”€â”€â”€â”€â”€â”€â”€â”€â”€â”€â”€â”€â”€â”€â”€â”€â”€â”€â”€â”€â”€â”€â”€
    test-results/follow-ãƒ•ã‚©ãƒ­ãƒ¼æ©Ÿèƒ½E2Eãƒ†ã‚¹ãƒˆ-ãƒ•ã‚©ãƒ­ãƒ¼ãƒœã‚¿ãƒ³ãŒè¡¨ç¤ºã•ã‚Œã‚‹-chromium/trace.zip
    Usage:

        npx playwright show-trace test-results/follow-ãƒ•ã‚©ãƒ­ãƒ¼æ©Ÿèƒ½E2Eãƒ†ã‚¹ãƒˆ-ãƒ•ã‚©ãƒ­ãƒ¼ãƒœã‚¿ãƒ³ãŒè¡¨ç¤ºã•ã‚Œã‚‹-chromium/trace.zip

    â”€â”€â”€â”€â”€â”€â”€â”€â”€â”€â”€â”€â”€â”€â”€â”€â”€â”€â”€â”€â”€â”€â”€â”€â”€â”€â”€â”€â”€â”€â”€â”€â”€â”€â”€â”€â”€â”€â”€â”€â”€â”€â”€â”€â”€â”€â”€â”€â”€â”€â”€â”€â”€â”€â”€â”€â”€â”€â”€â”€â”€â”€â”€â”€â”€â”€â”€â”€â”€â”€â”€â”€â”€â”€â”€â”€â”€â”€â”€â”€â”€â”€â”€â”€â”€â”€â”€â”€â”€â”€â”€â”€â”€â”€â”€â”€


[1A[2K[2/9] [chromium] â€º tests/e2e/follow.spec.ts:117:7 â€º ãƒ•ã‚©ãƒ­ãƒ¼æ©Ÿèƒ½E2Eãƒ†ã‚¹ãƒˆ â€º æœªèªè¨¼çŠ¶æ…‹ã§ãƒ•ã‚©ãƒ­ãƒ¼ãƒœã‚¿ãƒ³ãŒæ©Ÿèƒ½ã—ãªã„
[1A[2K[3/9] [chromium] â€º tests/e2e/follow.spec.ts:135:7 â€º ãƒ•ã‚©ãƒ­ãƒ¼æ©Ÿèƒ½E2Eãƒ†ã‚¹ãƒˆ â€º èªè¨¼æ¸ˆã¿ãƒ¦ãƒ¼ã‚¶ãƒ¼ãŒãƒ•ã‚©ãƒ­ãƒ¼/ã‚¢ãƒ³ãƒ•ã‚©ãƒ­ãƒ¼æ“ä½œã§ãã‚‹
[1A[2K  2) [chromium] â€º tests/e2e/follow.spec.ts:135:7 â€º ãƒ•ã‚©ãƒ­ãƒ¼æ©Ÿèƒ½E2Eãƒ†ã‚¹ãƒˆ â€º èªè¨¼æ¸ˆã¿ãƒ¦ãƒ¼ã‚¶ãƒ¼ãŒãƒ•ã‚©ãƒ­ãƒ¼/ã‚¢ãƒ³ãƒ•ã‚©ãƒ­ãƒ¼æ“ä½œã§ãã‚‹ â”€â”€â”€â”€â”€â”€â”€â”€

    Error: page.evaluate: SecurityError: Failed to read the 'localStorage' property from 'Window': Access is denied for this document.
        at UtilityScript.evaluate (<anonymous>:293:16)
        at UtilityScript.<anonymous> (<anonymous>:1:44)
        at UtilityScript.evaluate (<anonymous>:293:16)
        at UtilityScript.<anonymous> (<anonymous>:1:44)
        at mockLogin (/Users/yoshitaka.yamagishi/Documents/projects/my-board-app/tests/e2e/follow.spec.ts:26:14)
        at /Users/yoshitaka.yamagishi/Documents/projects/my-board-app/tests/e2e/follow.spec.ts:137:11

    attachment #1: screenshot (image/png) â”€â”€â”€â”€â”€â”€â”€â”€â”€â”€â”€â”€â”€â”€â”€â”€â”€â”€â”€â”€â”€â”€â”€â”€â”€â”€â”€â”€â”€â”€â”€â”€â”€â”€â”€â”€â”€â”€â”€â”€â”€â”€â”€â”€â”€â”€â”€â”€â”€â”€â”€â”€â”€â”€â”€â”€â”€â”€
    test-results/follow-ãƒ•ã‚©ãƒ­ãƒ¼æ©Ÿèƒ½E2Eãƒ†ã‚¹ãƒˆ-èªè¨¼æ¸ˆã¿ãƒ¦ãƒ¼ã‚¶ãƒ¼ãŒãƒ•ã‚©ãƒ­ãƒ¼-ã‚¢ãƒ³ãƒ•ã‚©ãƒ­ãƒ¼æ“ä½œã§ãã‚‹-chromium/test-failed-1.png
    â”€â”€â”€â”€â”€â”€â”€â”€â”€â”€â”€â”€â”€â”€â”€â”€â”€â”€â”€â”€â”€â”€â”€â”€â”€â”€â”€â”€â”€â”€â”€â”€â”€â”€â”€â”€â”€â”€â”€â”€â”€â”€â”€â”€â”€â”€â”€â”€â”€â”€â”€â”€â”€â”€â”€â”€â”€â”€â”€â”€â”€â”€â”€â”€â”€â”€â”€â”€â”€â”€â”€â”€â”€â”€â”€â”€â”€â”€â”€â”€â”€â”€â”€â”€â”€â”€â”€â”€â”€â”€â”€â”€â”€â”€â”€â”€

    attachment #2: video (video/webm) â”€â”€â”€â”€â”€â”€â”€â”€â”€â”€â”€â”€â”€â”€â”€â”€â”€â”€â”€â”€â”€â”€â”€â”€â”€â”€â”€â”€â”€â”€â”€â”€â”€â”€â”€â”€â”€â”€â”€â”€â”€â”€â”€â”€â”€â”€â”€â”€â”€â”€â”€â”€â”€â”€â”€â”€â”€â”€â”€â”€â”€â”€
    test-results/follow-ãƒ•ã‚©ãƒ­ãƒ¼æ©Ÿèƒ½E2Eãƒ†ã‚¹ãƒˆ-èªè¨¼æ¸ˆã¿ãƒ¦ãƒ¼ã‚¶ãƒ¼ãŒãƒ•ã‚©ãƒ­ãƒ¼-ã‚¢ãƒ³ãƒ•ã‚©ãƒ­ãƒ¼æ“ä½œã§ãã‚‹-chromium/video.webm
    â”€â”€â”€â”€â”€â”€â”€â”€â”€â”€â”€â”€â”€â”€â”€â”€â”€â”€â”€â”€â”€â”€â”€â”€â”€â”€â”€â”€â”€â”€â”€â”€â”€â”€â”€â”€â”€â”€â”€â”€â”€â”€â”€â”€â”€â”€â”€â”€â”€â”€â”€â”€â”€â”€â”€â”€â”€â”€â”€â”€â”€â”€â”€â”€â”€â”€â”€â”€â”€â”€â”€â”€â”€â”€â”€â”€â”€â”€â”€â”€â”€â”€â”€â”€â”€â”€â”€â”€â”€â”€â”€â”€â”€â”€â”€â”€

    attachment #3: trace (application/zip) â”€â”€â”€â”€â”€â”€â”€â”€â”€â”€â”€â”€â”€â”€â”€â”€â”€â”€â”€â”€â”€â”€â”€â”€â”€â”€â”€â”€â”€â”€â”€â”€â”€â”€â”€â”€â”€â”€â”€â”€â”€â”€â”€â”€â”€â”€â”€â”€â”€â”€â”€â”€â”€â”€â”€â”€â”€
    test-results/follow-ãƒ•ã‚©ãƒ­ãƒ¼æ©Ÿèƒ½E2Eãƒ†ã‚¹ãƒˆ-èªè¨¼æ¸ˆã¿ãƒ¦ãƒ¼ã‚¶ãƒ¼ãŒãƒ•ã‚©ãƒ­ãƒ¼-ã‚¢ãƒ³ãƒ•ã‚©ãƒ­ãƒ¼æ“ä½œã§ãã‚‹-chromium/trace.zip
    Usage:

        npx playwright show-trace test-results/follow-ãƒ•ã‚©ãƒ­ãƒ¼æ©Ÿèƒ½E2Eãƒ†ã‚¹ãƒˆ-èªè¨¼æ¸ˆã¿ãƒ¦ãƒ¼ã‚¶ãƒ¼ãŒãƒ•ã‚©ãƒ­ãƒ¼-ã‚¢ãƒ³ãƒ•ã‚©ãƒ­ãƒ¼æ“ä½œã§ãã‚‹-chromium/trace.zip

    â”€â”€â”€â”€â”€â”€â”€â”€â”€â”€â”€â”€â”€â”€â”€â”€â”€â”€â”€â”€â”€â”€â”€â”€â”€â”€â”€â”€â”€â”€â”€â”€â”€â”€â”€â”€â”€â”€â”€â”€â”€â”€â”€â”€â”€â”€â”€â”€â”€â”€â”€â”€â”€â”€â”€â”€â”€â”€â”€â”€â”€â”€â”€â”€â”€â”€â”€â”€â”€â”€â”€â”€â”€â”€â”€â”€â”€â”€â”€â”€â”€â”€â”€â”€â”€â”€â”€â”€â”€â”€â”€â”€â”€â”€â”€â”€


[1A[2K[4/9] [chromium] â€º tests/e2e/follow.spec.ts:175:7 â€º ãƒ•ã‚©ãƒ­ãƒ¼æ©Ÿèƒ½E2Eãƒ†ã‚¹ãƒˆ â€º è¤‡æ•°ã®ãƒ•ã‚©ãƒ­ãƒ¼ãƒœã‚¿ãƒ³ãŒç‹¬ç«‹ã—ã¦å‹•ä½œã™ã‚‹
[1A[2K  3) [chromium] â€º tests/e2e/follow.spec.ts:175:7 â€º ãƒ•ã‚©ãƒ­ãƒ¼æ©Ÿèƒ½E2Eãƒ†ã‚¹ãƒˆ â€º è¤‡æ•°ã®ãƒ•ã‚©ãƒ­ãƒ¼ãƒœã‚¿ãƒ³ãŒç‹¬ç«‹ã—ã¦å‹•ä½œã™ã‚‹ â”€â”€â”€â”€â”€â”€â”€â”€â”€â”€â”€â”€â”€â”€

    Error: page.evaluate: SecurityError: Failed to read the 'localStorage' property from 'Window': Access is denied for this document.
        at UtilityScript.evaluate (<anonymous>:293:16)
        at UtilityScript.<anonymous> (<anonymous>:1:44)
        at UtilityScript.evaluate (<anonymous>:293:16)
        at UtilityScript.<anonymous> (<anonymous>:1:44)
        at mockLogin (/Users/yoshitaka.yamagishi/Documents/projects/my-board-app/tests/e2e/follow.spec.ts:26:14)
        at /Users/yoshitaka.yamagishi/Documents/projects/my-board-app/tests/e2e/follow.spec.ts:176:11

    attachment #1: screenshot (image/png) â”€â”€â”€â”€â”€â”€â”€â”€â”€â”€â”€â”€â”€â”€â”€â”€â”€â”€â”€â”€â”€â”€â”€â”€â”€â”€â”€â”€â”€â”€â”€â”€â”€â”€â”€â”€â”€â”€â”€â”€â”€â”€â”€â”€â”€â”€â”€â”€â”€â”€â”€â”€â”€â”€â”€â”€â”€â”€
    test-results/follow-ãƒ•ã‚©ãƒ­ãƒ¼æ©Ÿèƒ½E2Eãƒ†ã‚¹ãƒˆ-è¤‡æ•°ã®ãƒ•ã‚©ãƒ­ãƒ¼ãƒœã‚¿ãƒ³ãŒç‹¬ç«‹ã—ã¦å‹•ä½œã™ã‚‹-chromium/test-failed-1.png
    â”€â”€â”€â”€â”€â”€â”€â”€â”€â”€â”€â”€â”€â”€â”€â”€â”€â”€â”€â”€â”€â”€â”€â”€â”€â”€â”€â”€â”€â”€â”€â”€â”€â”€â”€â”€â”€â”€â”€â”€â”€â”€â”€â”€â”€â”€â”€â”€â”€â”€â”€â”€â”€â”€â”€â”€â”€â”€â”€â”€â”€â”€â”€â”€â”€â”€â”€â”€â”€â”€â”€â”€â”€â”€â”€â”€â”€â”€â”€â”€â”€â”€â”€â”€â”€â”€â”€â”€â”€â”€â”€â”€â”€â”€â”€â”€

    attachment #2: video (video/webm) â”€â”€â”€â”€â”€â”€â”€â”€â”€â”€â”€â”€â”€â”€â”€â”€â”€â”€â”€â”€â”€â”€â”€â”€â”€â”€â”€â”€â”€â”€â”€â”€â”€â”€â”€â”€â”€â”€â”€â”€â”€â”€â”€â”€â”€â”€â”€â”€â”€â”€â”€â”€â”€â”€â”€â”€â”€â”€â”€â”€â”€â”€
    test-results/follow-ãƒ•ã‚©ãƒ­ãƒ¼æ©Ÿèƒ½E2Eãƒ†ã‚¹ãƒˆ-è¤‡æ•°ã®ãƒ•ã‚©ãƒ­ãƒ¼ãƒœã‚¿ãƒ³ãŒç‹¬ç«‹ã—ã¦å‹•ä½œã™ã‚‹-chromium/video.webm
    â”€â”€â”€â”€â”€â”€â”€â”€â”€â”€â”€â”€â”€â”€â”€â”€â”€â”€â”€â”€â”€â”€â”€â”€â”€â”€â”€â”€â”€â”€â”€â”€â”€â”€â”€â”€â”€â”€â”€â”€â”€â”€â”€â”€â”€â”€â”€â”€â”€â”€â”€â”€â”€â”€â”€â”€â”€â”€â”€â”€â”€â”€â”€â”€â”€â”€â”€â”€â”€â”€â”€â”€â”€â”€â”€â”€â”€â”€â”€â”€â”€â”€â”€â”€â”€â”€â”€â”€â”€â”€â”€â”€â”€â”€â”€â”€

    attachment #3: trace (application/zip) â”€â”€â”€â”€â”€â”€â”€â”€â”€â”€â”€â”€â”€â”€â”€â”€â”€â”€â”€â”€â”€â”€â”€â”€â”€â”€â”€â”€â”€â”€â”€â”€â”€â”€â”€â”€â”€â”€â”€â”€â”€â”€â”€â”€â”€â”€â”€â”€â”€â”€â”€â”€â”€â”€â”€â”€â”€
    test-results/follow-ãƒ•ã‚©ãƒ­ãƒ¼æ©Ÿèƒ½E2Eãƒ†ã‚¹ãƒˆ-è¤‡æ•°ã®ãƒ•ã‚©ãƒ­ãƒ¼ãƒœã‚¿ãƒ³ãŒç‹¬ç«‹ã—ã¦å‹•ä½œã™ã‚‹-chromium/trace.zip
    Usage:

        npx playwright show-trace test-results/follow-ãƒ•ã‚©ãƒ­ãƒ¼æ©Ÿèƒ½E2Eãƒ†ã‚¹ãƒˆ-è¤‡æ•°ã®ãƒ•ã‚©ãƒ­ãƒ¼ãƒœã‚¿ãƒ³ãŒç‹¬ç«‹ã—ã¦å‹•ä½œã™ã‚‹-chromium/trace.zip

    â”€â”€â”€â”€â”€â”€â”€â”€â”€â”€â”€â”€â”€â”€â”€â”€â”€â”€â”€â”€â”€â”€â”€â”€â”€â”€â”€â”€â”€â”€â”€â”€â”€â”€â”€â”€â”€â”€â”€â”€â”€â”€â”€â”€â”€â”€â”€â”€â”€â”€â”€â”€â”€â”€â”€â”€â”€â”€â”€â”€â”€â”€â”€â”€â”€â”€â”€â”€â”€â”€â”€â”€â”€â”€â”€â”€â”€â”€â”€â”€â”€â”€â”€â”€â”€â”€â”€â”€â”€â”€â”€â”€â”€â”€â”€â”€


[1A[2K[5/9] [chromium] â€º tests/e2e/follow.spec.ts:204:7 â€º ãƒ•ã‚©ãƒ­ãƒ¼æ©Ÿèƒ½E2Eãƒ†ã‚¹ãƒˆ â€º ãƒãƒƒãƒˆãƒ¯ãƒ¼ã‚¯ã‚¨ãƒ©ãƒ¼æ™‚ã®ã‚¨ãƒ©ãƒ¼ãƒãƒ³ãƒ‰ãƒªãƒ³ã‚°
[1A[2K  4) [chromium] â€º tests/e2e/follow.spec.ts:204:7 â€º ãƒ•ã‚©ãƒ­ãƒ¼æ©Ÿèƒ½E2Eãƒ†ã‚¹ãƒˆ â€º ãƒãƒƒãƒˆãƒ¯ãƒ¼ã‚¯ã‚¨ãƒ©ãƒ¼æ™‚ã®ã‚¨ãƒ©ãƒ¼ãƒãƒ³ãƒ‰ãƒªãƒ³ã‚° â”€â”€â”€â”€â”€â”€â”€â”€â”€â”€â”€â”€â”€

    Error: page.evaluate: SecurityError: Failed to read the 'localStorage' property from 'Window': Access is denied for this document.
        at UtilityScript.evaluate (<anonymous>:293:16)
        at UtilityScript.<anonymous> (<anonymous>:1:44)
        at UtilityScript.evaluate (<anonymous>:293:16)
        at UtilityScript.<anonymous> (<anonymous>:1:44)
        at mockLogin (/Users/yoshitaka.yamagishi/Documents/projects/my-board-app/tests/e2e/follow.spec.ts:26:14)
        at /Users/yoshitaka.yamagishi/Documents/projects/my-board-app/tests/e2e/follow.spec.ts:205:11

    attachment #1: screenshot (image/png) â”€â”€â”€â”€â”€â”€â”€â”€â”€â”€â”€â”€â”€â”€â”€â”€â”€â”€â”€â”€â”€â”€â”€â”€â”€â”€â”€â”€â”€â”€â”€â”€â”€â”€â”€â”€â”€â”€â”€â”€â”€â”€â”€â”€â”€â”€â”€â”€â”€â”€â”€â”€â”€â”€â”€â”€â”€â”€
    test-results/follow-ãƒ•ã‚©ãƒ­ãƒ¼æ©Ÿèƒ½E2Eãƒ†ã‚¹ãƒˆ-ãƒãƒƒãƒˆãƒ¯ãƒ¼ã‚¯ã‚¨ãƒ©ãƒ¼æ™‚ã®ã‚¨ãƒ©ãƒ¼ãƒãƒ³ãƒ‰ãƒªãƒ³ã‚°-chromium/test-failed-1.png
    â”€â”€â”€â”€â”€â”€â”€â”€â”€â”€â”€â”€â”€â”€â”€â”€â”€â”€â”€â”€â”€â”€â”€â”€â”€â”€â”€â”€â”€â”€â”€â”€â”€â”€â”€â”€â”€â”€â”€â”€â”€â”€â”€â”€â”€â”€â”€â”€â”€â”€â”€â”€â”€â”€â”€â”€â”€â”€â”€â”€â”€â”€â”€â”€â”€â”€â”€â”€â”€â”€â”€â”€â”€â”€â”€â”€â”€â”€â”€â”€â”€â”€â”€â”€â”€â”€â”€â”€â”€â”€â”€â”€â”€â”€â”€â”€

    attachment #2: video (video/webm) â”€â”€â”€â”€â”€â”€â”€â”€â”€â”€â”€â”€â”€â”€â”€â”€â”€â”€â”€â”€â”€â”€â”€â”€â”€â”€â”€â”€â”€â”€â”€â”€â”€â”€â”€â”€â”€â”€â”€â”€â”€â”€â”€â”€â”€â”€â”€â”€â”€â”€â”€â”€â”€â”€â”€â”€â”€â”€â”€â”€â”€â”€
    test-results/follow-ãƒ•ã‚©ãƒ­ãƒ¼æ©Ÿèƒ½E2Eãƒ†ã‚¹ãƒˆ-ãƒãƒƒãƒˆãƒ¯ãƒ¼ã‚¯ã‚¨ãƒ©ãƒ¼æ™‚ã®ã‚¨ãƒ©ãƒ¼ãƒãƒ³ãƒ‰ãƒªãƒ³ã‚°-chromium/video.webm
    â”€â”€â”€â”€â”€â”€â”€â”€â”€â”€â”€â”€â”€â”€â”€â”€â”€â”€â”€â”€â”€â”€â”€â”€â”€â”€â”€â”€â”€â”€â”€â”€â”€â”€â”€â”€â”€â”€â”€â”€â”€â”€â”€â”€â”€â”€â”€â”€â”€â”€â”€â”€â”€â”€â”€â”€â”€â”€â”€â”€â”€â”€â”€â”€â”€â”€â”€â”€â”€â”€â”€â”€â”€â”€â”€â”€â”€â”€â”€â”€â”€â”€â”€â”€â”€â”€â”€â”€â”€â”€â”€â”€â”€â”€â”€â”€

    attachment #3: trace (application/zip) â”€â”€â”€â”€â”€â”€â”€â”€â”€â”€â”€â”€â”€â”€â”€â”€â”€â”€â”€â”€â”€â”€â”€â”€â”€â”€â”€â”€â”€â”€â”€â”€â”€â”€â”€â”€â”€â”€â”€â”€â”€â”€â”€â”€â”€â”€â”€â”€â”€â”€â”€â”€â”€â”€â”€â”€â”€
    test-results/follow-ãƒ•ã‚©ãƒ­ãƒ¼æ©Ÿèƒ½E2Eãƒ†ã‚¹ãƒˆ-ãƒãƒƒãƒˆãƒ¯ãƒ¼ã‚¯ã‚¨ãƒ©ãƒ¼æ™‚ã®ã‚¨ãƒ©ãƒ¼ãƒãƒ³ãƒ‰ãƒªãƒ³ã‚°-chromium/trace.zip
    Usage:

        npx playwright show-trace test-results/follow-ãƒ•ã‚©ãƒ­ãƒ¼æ©Ÿèƒ½E2Eãƒ†ã‚¹ãƒˆ-ãƒãƒƒãƒˆãƒ¯ãƒ¼ã‚¯ã‚¨ãƒ©ãƒ¼æ™‚ã®ã‚¨ãƒ©ãƒ¼ãƒãƒ³ãƒ‰ãƒªãƒ³ã‚°-chromium/trace.zip

    â”€â”€â”€â”€â”€â”€â”€â”€â”€â”€â”€â”€â”€â”€â”€â”€â”€â”€â”€â”€â”€â”€â”€â”€â”€â”€â”€â”€â”€â”€â”€â”€â”€â”€â”€â”€â”€â”€â”€â”€â”€â”€â”€â”€â”€â”€â”€â”€â”€â”€â”€â”€â”€â”€â”€â”€â”€â”€â”€â”€â”€â”€â”€â”€â”€â”€â”€â”€â”€â”€â”€â”€â”€â”€â”€â”€â”€â”€â”€â”€â”€â”€â”€â”€â”€â”€â”€â”€â”€â”€â”€â”€â”€â”€â”€â”€


[1A[2K[6/9] [chromium] â€º tests/e2e/follow.spec.ts:240:7 â€º ãƒ•ã‚©ãƒ­ãƒ¼æ©Ÿèƒ½E2Eãƒ†ã‚¹ãƒˆ â€º ãƒšãƒ¼ã‚¸ãƒªãƒ­ãƒ¼ãƒ‰å¾Œã‚‚ãƒ•ã‚©ãƒ­ãƒ¼çŠ¶æ…‹ãŒç¶­æŒã•ã‚Œã‚‹
[1A[2K  5) [chromium] â€º tests/e2e/follow.spec.ts:240:7 â€º ãƒ•ã‚©ãƒ­ãƒ¼æ©Ÿèƒ½E2Eãƒ†ã‚¹ãƒˆ â€º ãƒšãƒ¼ã‚¸ãƒªãƒ­ãƒ¼ãƒ‰å¾Œã‚‚ãƒ•ã‚©ãƒ­ãƒ¼çŠ¶æ…‹ãŒç¶­æŒã•ã‚Œã‚‹ â”€â”€â”€â”€â”€â”€â”€â”€â”€â”€â”€â”€

    Error: page.evaluate: SecurityError: Failed to read the 'localStorage' property from 'Window': Access is denied for this document.
        at UtilityScript.evaluate (<anonymous>:293:16)
        at UtilityScript.<anonymous> (<anonymous>:1:44)
        at UtilityScript.evaluate (<anonymous>:293:16)
        at UtilityScript.<anonymous> (<anonymous>:1:44)
        at mockLogin (/Users/yoshitaka.yamagishi/Documents/projects/my-board-app/tests/e2e/follow.spec.ts:26:14)
        at /Users/yoshitaka.yamagishi/Documents/projects/my-board-app/tests/e2e/follow.spec.ts:241:11

    attachment #1: screenshot (image/png) â”€â”€â”€â”€â”€â”€â”€â”€â”€â”€â”€â”€â”€â”€â”€â”€â”€â”€â”€â”€â”€â”€â”€â”€â”€â”€â”€â”€â”€â”€â”€â”€â”€â”€â”€â”€â”€â”€â”€â”€â”€â”€â”€â”€â”€â”€â”€â”€â”€â”€â”€â”€â”€â”€â”€â”€â”€â”€
    test-results/follow-ãƒ•ã‚©ãƒ­ãƒ¼æ©Ÿèƒ½E2Eãƒ†ã‚¹ãƒˆ-ãƒšãƒ¼ã‚¸ãƒªãƒ­ãƒ¼ãƒ‰å¾Œã‚‚ãƒ•ã‚©ãƒ­ãƒ¼çŠ¶æ…‹ãŒç¶­æŒã•ã‚Œã‚‹-chromium/test-failed-1.png
    â”€â”€â”€â”€â”€â”€â”€â”€â”€â”€â”€â”€â”€â”€â”€â”€â”€â”€â”€â”€â”€â”€â”€â”€â”€â”€â”€â”€â”€â”€â”€â”€â”€â”€â”€â”€â”€â”€â”€â”€â”€â”€â”€â”€â”€â”€â”€â”€â”€â”€â”€â”€â”€â”€â”€â”€â”€â”€â”€â”€â”€â”€â”€â”€â”€â”€â”€â”€â”€â”€â”€â”€â”€â”€â”€â”€â”€â”€â”€â”€â”€â”€â”€â”€â”€â”€â”€â”€â”€â”€â”€â”€â”€â”€â”€â”€

    attachment #2: video (video/webm) â”€â”€â”€â”€â”€â”€â”€â”€â”€â”€â”€â”€â”€â”€â”€â”€â”€â”€â”€â”€â”€â”€â”€â”€â”€â”€â”€â”€â”€â”€â”€â”€â”€â”€â”€â”€â”€â”€â”€â”€â”€â”€â”€â”€â”€â”€â”€â”€â”€â”€â”€â”€â”€â”€â”€â”€â”€â”€â”€â”€â”€â”€
    test-results/follow-ãƒ•ã‚©ãƒ­ãƒ¼æ©Ÿèƒ½E2Eãƒ†ã‚¹ãƒˆ-ãƒšãƒ¼ã‚¸ãƒªãƒ­ãƒ¼ãƒ‰å¾Œã‚‚ãƒ•ã‚©ãƒ­ãƒ¼çŠ¶æ…‹ãŒç¶­æŒã•ã‚Œã‚‹-chromium/video.webm
    â”€â”€â”€â”€â”€â”€â”€â”€â”€â”€â”€â”€â”€â”€â”€â”€â”€â”€â”€â”€â”€â”€â”€â”€â”€â”€â”€â”€â”€â”€â”€â”€â”€â”€â”€â”€â”€â”€â”€â”€â”€â”€â”€â”€â”€â”€â”€â”€â”€â”€â”€â”€â”€â”€â”€â”€â”€â”€â”€â”€â”€â”€â”€â”€â”€â”€â”€â”€â”€â”€â”€â”€â”€â”€â”€â”€â”€â”€â”€â”€â”€â”€â”€â”€â”€â”€â”€â”€â”€â”€â”€â”€â”€â”€â”€â”€

    attachment #3: trace (application/zip) â”€â”€â”€â”€â”€â”€â”€â”€â”€â”€â”€â”€â”€â”€â”€â”€â”€â”€â”€â”€â”€â”€â”€â”€â”€â”€â”€â”€â”€â”€â”€â”€â”€â”€â”€â”€â”€â”€â”€â”€â”€â”€â”€â”€â”€â”€â”€â”€â”€â”€â”€â”€â”€â”€â”€â”€â”€
    test-results/follow-ãƒ•ã‚©ãƒ­ãƒ¼æ©Ÿèƒ½E2Eãƒ†ã‚¹ãƒˆ-ãƒšãƒ¼ã‚¸ãƒªãƒ­ãƒ¼ãƒ‰å¾Œã‚‚ãƒ•ã‚©ãƒ­ãƒ¼çŠ¶æ…‹ãŒç¶­æŒã•ã‚Œã‚‹-chromium/trace.zip
    Usage:

        npx playwright show-trace test-results/follow-ãƒ•ã‚©ãƒ­ãƒ¼æ©Ÿèƒ½E2Eãƒ†ã‚¹ãƒˆ-ãƒšãƒ¼ã‚¸ãƒªãƒ­ãƒ¼ãƒ‰å¾Œã‚‚ãƒ•ã‚©ãƒ­ãƒ¼çŠ¶æ…‹ãŒç¶­æŒã•ã‚Œã‚‹-chromium/trace.zip

    â”€â”€â”€â”€â”€â”€â”€â”€â”€â”€â”€â”€â”€â”€â”€â”€â”€â”€â”€â”€â”€â”€â”€â”€â”€â”€â”€â”€â”€â”€â”€â”€â”€â”€â”€â”€â”€â”€â”€â”€â”€â”€â”€â”€â”€â”€â”€â”€â”€â”€â”€â”€â”€â”€â”€â”€â”€â”€â”€â”€â”€â”€â”€â”€â”€â”€â”€â”€â”€â”€â”€â”€â”€â”€â”€â”€â”€â”€â”€â”€â”€â”€â”€â”€â”€â”€â”€â”€â”€â”€â”€â”€â”€â”€â”€â”€


[1A[2K[7/9] [chromium] â€º tests/e2e/follow.spec.ts:294:7 â€º ãƒ‘ãƒ•ã‚©ãƒ¼ãƒãƒ³ã‚¹ãƒ†ã‚¹ãƒˆ â€º ãƒ•ã‚©ãƒ­ãƒ¼ãƒœã‚¿ãƒ³ã®å¿œç­”æ€§èƒ½
[1A[2K  6) [chromium] â€º tests/e2e/follow.spec.ts:294:7 â€º ãƒ‘ãƒ•ã‚©ãƒ¼ãƒãƒ³ã‚¹ãƒ†ã‚¹ãƒˆ â€º ãƒ•ã‚©ãƒ­ãƒ¼ãƒœã‚¿ãƒ³ã®å¿œç­”æ€§èƒ½ â”€â”€â”€â”€â”€â”€â”€â”€â”€â”€â”€â”€â”€â”€â”€â”€â”€â”€â”€â”€â”€â”€â”€

    Error: page.evaluate: SecurityError: Failed to read the 'localStorage' property from 'Window': Access is denied for this document.
        at UtilityScript.evaluate (<anonymous>:293:16)
        at UtilityScript.<anonymous> (<anonymous>:1:44)
        at UtilityScript.evaluate (<anonymous>:293:16)
        at UtilityScript.<anonymous> (<anonymous>:1:44)
        at mockLogin (/Users/yoshitaka.yamagishi/Documents/projects/my-board-app/tests/e2e/follow.spec.ts:26:14)
        at /Users/yoshitaka.yamagishi/Documents/projects/my-board-app/tests/e2e/follow.spec.ts:295:11

    attachment #1: screenshot (image/png) â”€â”€â”€â”€â”€â”€â”€â”€â”€â”€â”€â”€â”€â”€â”€â”€â”€â”€â”€â”€â”€â”€â”€â”€â”€â”€â”€â”€â”€â”€â”€â”€â”€â”€â”€â”€â”€â”€â”€â”€â”€â”€â”€â”€â”€â”€â”€â”€â”€â”€â”€â”€â”€â”€â”€â”€â”€â”€
    test-results/follow-ãƒ‘ãƒ•ã‚©ãƒ¼ãƒãƒ³ã‚¹ãƒ†ã‚¹ãƒˆ-ãƒ•ã‚©ãƒ­ãƒ¼ãƒœã‚¿ãƒ³ã®å¿œç­”æ€§èƒ½-chromium/test-failed-1.png
    â”€â”€â”€â”€â”€â”€â”€â”€â”€â”€â”€â”€â”€â”€â”€â”€â”€â”€â”€â”€â”€â”€â”€â”€â”€â”€â”€â”€â”€â”€â”€â”€â”€â”€â”€â”€â”€â”€â”€â”€â”€â”€â”€â”€â”€â”€â”€â”€â”€â”€â”€â”€â”€â”€â”€â”€â”€â”€â”€â”€â”€â”€â”€â”€â”€â”€â”€â”€â”€â”€â”€â”€â”€â”€â”€â”€â”€â”€â”€â”€â”€â”€â”€â”€â”€â”€â”€â”€â”€â”€â”€â”€â”€â”€â”€â”€

    attachment #2: video (video/webm) â”€â”€â”€â”€â”€â”€â”€â”€â”€â”€â”€â”€â”€â”€â”€â”€â”€â”€â”€â”€â”€â”€â”€â”€â”€â”€â”€â”€â”€â”€â”€â”€â”€â”€â”€â”€â”€â”€â”€â”€â”€â”€â”€â”€â”€â”€â”€â”€â”€â”€â”€â”€â”€â”€â”€â”€â”€â”€â”€â”€â”€â”€
    test-results/follow-ãƒ‘ãƒ•ã‚©ãƒ¼ãƒãƒ³ã‚¹ãƒ†ã‚¹ãƒˆ-ãƒ•ã‚©ãƒ­ãƒ¼ãƒœã‚¿ãƒ³ã®å¿œç­”æ€§èƒ½-chromium/video.webm
    â”€â”€â”€â”€â”€â”€â”€â”€â”€â”€â”€â”€â”€â”€â”€â”€â”€â”€â”€â”€â”€â”€â”€â”€â”€â”€â”€â”€â”€â”€â”€â”€â”€â”€â”€â”€â”€â”€â”€â”€â”€â”€â”€â”€â”€â”€â”€â”€â”€â”€â”€â”€â”€â”€â”€â”€â”€â”€â”€â”€â”€â”€â”€â”€â”€â”€â”€â”€â”€â”€â”€â”€â”€â”€â”€â”€â”€â”€â”€â”€â”€â”€â”€â”€â”€â”€â”€â”€â”€â”€â”€â”€â”€â”€â”€â”€

    attachment #3: trace (application/zip) â”€â”€â”€â”€â”€â”€â”€â”€â”€â”€â”€â”€â”€â”€â”€â”€â”€â”€â”€â”€â”€â”€â”€â”€â”€â”€â”€â”€â”€â”€â”€â”€â”€â”€â”€â”€â”€â”€â”€â”€â”€â”€â”€â”€â”€â”€â”€â”€â”€â”€â”€â”€â”€â”€â”€â”€â”€
    test-results/follow-ãƒ‘ãƒ•ã‚©ãƒ¼ãƒãƒ³ã‚¹ãƒ†ã‚¹ãƒˆ-ãƒ•ã‚©ãƒ­ãƒ¼ãƒœã‚¿ãƒ³ã®å¿œç­”æ€§èƒ½-chromium/trace.zip
    Usage:

        npx playwright show-trace test-results/follow-ãƒ‘ãƒ•ã‚©ãƒ¼ãƒãƒ³ã‚¹ãƒ†ã‚¹ãƒˆ-ãƒ•ã‚©ãƒ­ãƒ¼ãƒœã‚¿ãƒ³ã®å¿œç­”æ€§èƒ½-chromium/trace.zip

    â”€â”€â”€â”€â”€â”€â”€â”€â”€â”€â”€â”€â”€â”€â”€â”€â”€â”€â”€â”€â”€â”€â”€â”€â”€â”€â”€â”€â”€â”€â”€â”€â”€â”€â”€â”€â”€â”€â”€â”€â”€â”€â”€â”€â”€â”€â”€â”€â”€â”€â”€â”€â”€â”€â”€â”€â”€â”€â”€â”€â”€â”€â”€â”€â”€â”€â”€â”€â”€â”€â”€â”€â”€â”€â”€â”€â”€â”€â”€â”€â”€â”€â”€â”€â”€â”€â”€â”€â”€â”€â”€â”€â”€â”€â”€â”€


[1A[2K[8/9] [chromium] â€º tests/e2e/follow.spec.ts:329:7 â€º ã‚¢ã‚¯ã‚»ã‚·ãƒ“ãƒªãƒ†ã‚£ãƒ†ã‚¹ãƒˆ â€º ãƒ•ã‚©ãƒ­ãƒ¼ãƒœã‚¿ãƒ³ã®aria-labelç¢ºèª
[1A[2K  7) [chromium] â€º tests/e2e/follow.spec.ts:329:7 â€º ã‚¢ã‚¯ã‚»ã‚·ãƒ“ãƒªãƒ†ã‚£ãƒ†ã‚¹ãƒˆ â€º ãƒ•ã‚©ãƒ­ãƒ¼ãƒœã‚¿ãƒ³ã®aria-labelç¢ºèª â”€â”€â”€â”€â”€â”€â”€â”€â”€â”€â”€â”€â”€â”€

    Error: [2mexpect([22m[31mlocator[39m[2m).[22mtoBeVisible[2m()[22m failed

    Locator:  locator('button[data-testid="follow-button"]').first()
    Expected: visible
    Received: <element(s) not found>
    Timeout:  10000ms

    Call log:
    [2m  - Expect "toBeVisible" with timeout 10000ms[22m
    [2m  - waiting for locator('button[data-testid="follow-button"]').first()[22m


      331 |     
      332 |     const followButton = page.locator('button[data-testid="follow-button"]').first();
    > 333 |     await expect(followButton).toBeVisible({ timeout: 10000 });
          |                                ^
      334 |     
      335 |     // aria-labelã®ç¢ºèª
      336 |     const ariaLabel = await followButton.getAttribute('aria-label');
        at /Users/yoshitaka.yamagishi/Documents/projects/my-board-app/tests/e2e/follow.spec.ts:333:32

    attachment #1: screenshot (image/png) â”€â”€â”€â”€â”€â”€â”€â”€â”€â”€â”€â”€â”€â”€â”€â”€â”€â”€â”€â”€â”€â”€â”€â”€â”€â”€â”€â”€â”€â”€â”€â”€â”€â”€â”€â”€â”€â”€â”€â”€â”€â”€â”€â”€â”€â”€â”€â”€â”€â”€â”€â”€â”€â”€â”€â”€â”€â”€
    test-results/follow-ã‚¢ã‚¯ã‚»ã‚·ãƒ“ãƒªãƒ†ã‚£ãƒ†ã‚¹ãƒˆ-ãƒ•ã‚©ãƒ­ãƒ¼ãƒœã‚¿ãƒ³ã®aria-labelç¢ºèª-chromium/test-failed-1.png
    â”€â”€â”€â”€â”€â”€â”€â”€â”€â”€â”€â”€â”€â”€â”€â”€â”€â”€â”€â”€â”€â”€â”€â”€â”€â”€â”€â”€â”€â”€â”€â”€â”€â”€â”€â”€â”€â”€â”€â”€â”€â”€â”€â”€â”€â”€â”€â”€â”€â”€â”€â”€â”€â”€â”€â”€â”€â”€â”€â”€â”€â”€â”€â”€â”€â”€â”€â”€â”€â”€â”€â”€â”€â”€â”€â”€â”€â”€â”€â”€â”€â”€â”€â”€â”€â”€â”€â”€â”€â”€â”€â”€â”€â”€â”€â”€

    attachment #2: video (video/webm) â”€â”€â”€â”€â”€â”€â”€â”€â”€â”€â”€â”€â”€â”€â”€â”€â”€â”€â”€â”€â”€â”€â”€â”€â”€â”€â”€â”€â”€â”€â”€â”€â”€â”€â”€â”€â”€â”€â”€â”€â”€â”€â”€â”€â”€â”€â”€â”€â”€â”€â”€â”€â”€â”€â”€â”€â”€â”€â”€â”€â”€â”€
    test-results/follow-ã‚¢ã‚¯ã‚»ã‚·ãƒ“ãƒªãƒ†ã‚£ãƒ†ã‚¹ãƒˆ-ãƒ•ã‚©ãƒ­ãƒ¼ãƒœã‚¿ãƒ³ã®aria-labelç¢ºèª-chromium/video.webm
    â”€â”€â”€â”€â”€â”€â”€â”€â”€â”€â”€â”€â”€â”€â”€â”€â”€â”€â”€â”€â”€â”€â”€â”€â”€â”€â”€â”€â”€â”€â”€â”€â”€â”€â”€â”€â”€â”€â”€â”€â”€â”€â”€â”€â”€â”€â”€â”€â”€â”€â”€â”€â”€â”€â”€â”€â”€â”€â”€â”€â”€â”€â”€â”€â”€â”€â”€â”€â”€â”€â”€â”€â”€â”€â”€â”€â”€â”€â”€â”€â”€â”€â”€â”€â”€â”€â”€â”€â”€â”€â”€â”€â”€â”€â”€â”€

    Error Context: test-results/follow-ã‚¢ã‚¯ã‚»ã‚·ãƒ“ãƒªãƒ†ã‚£ãƒ†ã‚¹ãƒˆ-ãƒ•ã‚©ãƒ­ãƒ¼ãƒœã‚¿ãƒ³ã®aria-labelç¢ºèª-chromium/error-context.md

    attachment #4: trace (application/zip) â”€â”€â”€â”€â”€â”€â”€â”€â”€â”€â”€â”€â”€â”€â”€â”€â”€â”€â”€â”€â”€â”€â”€â”€â”€â”€â”€â”€â”€â”€â”€â”€â”€â”€â”€â”€â”€â”€â”€â”€â”€â”€â”€â”€â”€â”€â”€â”€â”€â”€â”€â”€â”€â”€â”€â”€â”€
    test-results/follow-ã‚¢ã‚¯ã‚»ã‚·ãƒ“ãƒªãƒ†ã‚£ãƒ†ã‚¹ãƒˆ-ãƒ•ã‚©ãƒ­ãƒ¼ãƒœã‚¿ãƒ³ã®aria-labelç¢ºèª-chromium/trace.zip
    Usage:

        npx playwright show-trace test-results/follow-ã‚¢ã‚¯ã‚»ã‚·ãƒ“ãƒªãƒ†ã‚£ãƒ†ã‚¹ãƒˆ-ãƒ•ã‚©ãƒ­ãƒ¼ãƒœã‚¿ãƒ³ã®aria-labelç¢ºèª-chromium/trace.zip

    â”€â”€â”€â”€â”€â”€â”€â”€â”€â”€â”€â”€â”€â”€â”€â”€â”€â”€â”€â”€â”€â”€â”€â”€â”€â”€â”€â”€â”€â”€â”€â”€â”€â”€â”€â”€â”€â”€â”€â”€â”€â”€â”€â”€â”€â”€â”€â”€â”€â”€â”€â”€â”€â”€â”€â”€â”€â”€â”€â”€â”€â”€â”€â”€â”€â”€â”€â”€â”€â”€â”€â”€â”€â”€â”€â”€â”€â”€â”€â”€â”€â”€â”€â”€â”€â”€â”€â”€â”€â”€â”€â”€â”€â”€â”€â”€


[1A[2K[9/9] [chromium] â€º tests/e2e/follow.spec.ts:340:7 â€º ã‚¢ã‚¯ã‚»ã‚·ãƒ“ãƒªãƒ†ã‚£ãƒ†ã‚¹ãƒˆ â€º ã‚­ãƒ¼ãƒœãƒ¼ãƒ‰æ“ä½œã§ãƒ•ã‚©ãƒ­ãƒ¼ãƒœã‚¿ãƒ³ã‚’æ“ä½œã§ãã‚‹
[1A[2K  8) [chromium] â€º tests/e2e/follow.spec.ts:340:7 â€º ã‚¢ã‚¯ã‚»ã‚·ãƒ“ãƒªãƒ†ã‚£ãƒ†ã‚¹ãƒˆ â€º ã‚­ãƒ¼ãƒœãƒ¼ãƒ‰æ“ä½œã§ãƒ•ã‚©ãƒ­ãƒ¼ãƒœã‚¿ãƒ³ã‚’æ“ä½œã§ãã‚‹ â”€â”€â”€â”€â”€â”€â”€â”€â”€â”€â”€â”€â”€

    Error: page.evaluate: SecurityError: Failed to read the 'localStorage' property from 'Window': Access is denied for this document.
        at UtilityScript.evaluate (<anonymous>:293:16)
        at UtilityScript.<anonymous> (<anonymous>:1:44)
        at UtilityScript.evaluate (<anonymous>:293:16)
        at UtilityScript.<anonymous> (<anonymous>:1:44)
        at mockLogin (/Users/yoshitaka.yamagishi/Documents/projects/my-board-app/tests/e2e/follow.spec.ts:26:14)
        at /Users/yoshitaka.yamagishi/Documents/projects/my-board-app/tests/e2e/follow.spec.ts:341:11

    attachment #1: screenshot (image/png) â”€â”€â”€â”€â”€â”€â”€â”€â”€â”€â”€â”€â”€â”€â”€â”€â”€â”€â”€â”€â”€â”€â”€â”€â”€â”€â”€â”€â”€â”€â”€â”€â”€â”€â”€â”€â”€â”€â”€â”€â”€â”€â”€â”€â”€â”€â”€â”€â”€â”€â”€â”€â”€â”€â”€â”€â”€â”€
    test-results/follow-ã‚¢ã‚¯ã‚»ã‚·ãƒ“ãƒªãƒ†ã‚£ãƒ†ã‚¹ãƒˆ-ã‚­ãƒ¼ãƒœãƒ¼ãƒ‰æ“ä½œã§ãƒ•ã‚©ãƒ­ãƒ¼ãƒœã‚¿ãƒ³ã‚’æ“ä½œã§ãã‚‹-chromium/test-failed-1.png
    â”€â”€â”€â”€â”€â”€â”€â”€â”€â”€â”€â”€â”€â”€â”€â”€â”€â”€â”€â”€â”€â”€â”€â”€â”€â”€â”€â”€â”€â”€â”€â”€â”€â”€â”€â”€â”€â”€â”€â”€â”€â”€â”€â”€â”€â”€â”€â”€â”€â”€â”€â”€â”€â”€â”€â”€â”€â”€â”€â”€â”€â”€â”€â”€â”€â”€â”€â”€â”€â”€â”€â”€â”€â”€â”€â”€â”€â”€â”€â”€â”€â”€â”€â”€â”€â”€â”€â”€â”€â”€â”€â”€â”€â”€â”€â”€

    attachment #2: video (video/webm) â”€â”€â”€â”€â”€â”€â”€â”€â”€â”€â”€â”€â”€â”€â”€â”€â”€â”€â”€â”€â”€â”€â”€â”€â”€â”€â”€â”€â”€â”€â”€â”€â”€â”€â”€â”€â”€â”€â”€â”€â”€â”€â”€â”€â”€â”€â”€â”€â”€â”€â”€â”€â”€â”€â”€â”€â”€â”€â”€â”€â”€â”€
    test-results/follow-ã‚¢ã‚¯ã‚»ã‚·ãƒ“ãƒªãƒ†ã‚£ãƒ†ã‚¹ãƒˆ-ã‚­ãƒ¼ãƒœãƒ¼ãƒ‰æ“ä½œã§ãƒ•ã‚©ãƒ­ãƒ¼ãƒœã‚¿ãƒ³ã‚’æ“ä½œã§ãã‚‹-chromium/video.webm
    â”€â”€â”€â”€â”€â”€â”€â”€â”€â”€â”€â”€â”€â”€â”€â”€â”€â”€â”€â”€â”€â”€â”€â”€â”€â”€â”€â”€â”€â”€â”€â”€â”€â”€â”€â”€â”€â”€â”€â”€â”€â”€â”€â”€â”€â”€â”€â”€â”€â”€â”€â”€â”€â”€â”€â”€â”€â”€â”€â”€â”€â”€â”€â”€â”€â”€â”€â”€â”€â”€â”€â”€â”€â”€â”€â”€â”€â”€â”€â”€â”€â”€â”€â”€â”€â”€â”€â”€â”€â”€â”€â”€â”€â”€â”€â”€

    attachment #3: trace (application/zip) â”€â”€â”€â”€â”€â”€â”€â”€â”€â”€â”€â”€â”€â”€â”€â”€â”€â”€â”€â”€â”€â”€â”€â”€â”€â”€â”€â”€â”€â”€â”€â”€â”€â”€â”€â”€â”€â”€â”€â”€â”€â”€â”€â”€â”€â”€â”€â”€â”€â”€â”€â”€â”€â”€â”€â”€â”€
    test-results/follow-ã‚¢ã‚¯ã‚»ã‚·ãƒ“ãƒªãƒ†ã‚£ãƒ†ã‚¹ãƒˆ-ã‚­ãƒ¼ãƒœãƒ¼ãƒ‰æ“ä½œã§ãƒ•ã‚©ãƒ­ãƒ¼ãƒœã‚¿ãƒ³ã‚’æ“ä½œã§ãã‚‹-chromium/trace.zip
    Usage:

        npx playwright show-trace test-results/follow-ã‚¢ã‚¯ã‚»ã‚·ãƒ“ãƒªãƒ†ã‚£ãƒ†ã‚¹ãƒˆ-ã‚­ãƒ¼ãƒœãƒ¼ãƒ‰æ“ä½œã§ãƒ•ã‚©ãƒ­ãƒ¼ãƒœã‚¿ãƒ³ã‚’æ“ä½œã§ãã‚‹-chromium/trace.zip

    â”€â”€â”€â”€â”€â”€â”€â”€â”€â”€â”€â”€â”€â”€â”€â”€â”€â”€â”€â”€â”€â”€â”€â”€â”€â”€â”€â”€â”€â”€â”€â”€â”€â”€â”€â”€â”€â”€â”€â”€â”€â”€â”€â”€â”€â”€â”€â”€â”€â”€â”€â”€â”€â”€â”€â”€â”€â”€â”€â”€â”€â”€â”€â”€â”€â”€â”€â”€â”€â”€â”€â”€â”€â”€â”€â”€â”€â”€â”€â”€â”€â”€â”€â”€â”€â”€â”€â”€â”€â”€â”€â”€â”€â”€â”€â”€


[1A[2K  8 failed
    [chromium] â€º tests/e2e/follow.spec.ts:102:7 â€º ãƒ•ã‚©ãƒ­ãƒ¼æ©Ÿèƒ½E2Eãƒ†ã‚¹ãƒˆ â€º ãƒ•ã‚©ãƒ­ãƒ¼ãƒœã‚¿ãƒ³ãŒè¡¨ç¤ºã•ã‚Œã‚‹ â”€â”€â”€â”€â”€â”€â”€â”€â”€â”€â”€â”€â”€â”€â”€â”€â”€â”€â”€â”€â”€
    [chromium] â€º tests/e2e/follow.spec.ts:135:7 â€º ãƒ•ã‚©ãƒ­ãƒ¼æ©Ÿèƒ½E2Eãƒ†ã‚¹ãƒˆ â€º èªè¨¼æ¸ˆã¿ãƒ¦ãƒ¼ã‚¶ãƒ¼ãŒãƒ•ã‚©ãƒ­ãƒ¼/ã‚¢ãƒ³ãƒ•ã‚©ãƒ­ãƒ¼æ“ä½œã§ãã‚‹ â”€â”€â”€â”€â”€â”€â”€â”€â”€
    [chromium] â€º tests/e2e/follow.spec.ts:175:7 â€º ãƒ•ã‚©ãƒ­ãƒ¼æ©Ÿèƒ½E2Eãƒ†ã‚¹ãƒˆ â€º è¤‡æ•°ã®ãƒ•ã‚©ãƒ­ãƒ¼ãƒœã‚¿ãƒ³ãŒç‹¬ç«‹ã—ã¦å‹•ä½œã™ã‚‹ â”€â”€â”€â”€â”€â”€â”€â”€â”€â”€â”€â”€â”€â”€â”€
    [chromium] â€º tests/e2e/follow.spec.ts:204:7 â€º ãƒ•ã‚©ãƒ­ãƒ¼æ©Ÿèƒ½E2Eãƒ†ã‚¹ãƒˆ â€º ãƒãƒƒãƒˆãƒ¯ãƒ¼ã‚¯ã‚¨ãƒ©ãƒ¼æ™‚ã®ã‚¨ãƒ©ãƒ¼ãƒãƒ³ãƒ‰ãƒªãƒ³ã‚° â”€â”€â”€â”€â”€â”€â”€â”€â”€â”€â”€â”€â”€â”€
    [chromium] â€º tests/e2e/follow.spec.ts:240:7 â€º ãƒ•ã‚©ãƒ­ãƒ¼æ©Ÿèƒ½E2Eãƒ†ã‚¹ãƒˆ â€º ãƒšãƒ¼ã‚¸ãƒªãƒ­ãƒ¼ãƒ‰å¾Œã‚‚ãƒ•ã‚©ãƒ­ãƒ¼çŠ¶æ…‹ãŒç¶­æŒã•ã‚Œã‚‹ â”€â”€â”€â”€â”€â”€â”€â”€â”€â”€â”€â”€â”€
    [chromium] â€º tests/e2e/follow.spec.ts:294:7 â€º ãƒ‘ãƒ•ã‚©ãƒ¼ãƒãƒ³ã‚¹ãƒ†ã‚¹ãƒˆ â€º ãƒ•ã‚©ãƒ­ãƒ¼ãƒœã‚¿ãƒ³ã®å¿œç­”æ€§èƒ½ â”€â”€â”€â”€â”€â”€â”€â”€â”€â”€â”€â”€â”€â”€â”€â”€â”€â”€â”€â”€â”€â”€â”€â”€
    [chromium] â€º tests/e2e/follow.spec.ts:329:7 â€º ã‚¢ã‚¯ã‚»ã‚·ãƒ“ãƒªãƒ†ã‚£ãƒ†ã‚¹ãƒˆ â€º ãƒ•ã‚©ãƒ­ãƒ¼ãƒœã‚¿ãƒ³ã®aria-labelç¢ºèª â”€â”€â”€â”€â”€â”€â”€â”€â”€â”€â”€â”€â”€â”€â”€
    [chromium] â€º tests/e2e/follow.spec.ts:340:7 â€º ã‚¢ã‚¯ã‚»ã‚·ãƒ“ãƒªãƒ†ã‚£ãƒ†ã‚¹ãƒˆ â€º ã‚­ãƒ¼ãƒœãƒ¼ãƒ‰æ“ä½œã§ãƒ•ã‚©ãƒ­ãƒ¼ãƒœã‚¿ãƒ³ã‚’æ“ä½œã§ãã‚‹ â”€â”€â”€â”€â”€â”€â”€â”€â”€â”€â”€â”€â”€â”€
  1 passed (31.9s)
{
  "config": {
    "configFile": "/Users/yoshitaka.yamagishi/Documents/projects/my-board-app/playwright.config.ts",
    "rootDir": "/Users/yoshitaka.yamagishi/Documents/projects/my-board-app/tests/e2e",
    "forbidOnly": false,
    "fullyParallel": false,
    "globalSetup": null,
    "globalTeardown": null,
    "globalTimeout": 0,
    "grep": {},
    "grepInvert": null,
    "maxFailures": 0,
    "metadata": {
      "actualWorkers": 1
    },
    "preserveOutput": "always",
    "reporter": [
      [
        "line"
      ],
      [
        "json"
      ],
      [
        "junit"
      ]
    ],
    "reportSlowTests": {
      "max": 5,
      "threshold": 300000
    },
    "quiet": false,
    "projects": [
      {
        "outputDir": "/Users/yoshitaka.yamagishi/Documents/projects/my-board-app/test-results",
        "repeatEach": 1,
        "retries": 0,
        "metadata": {
          "actualWorkers": 1
        },
        "id": "chromium",
        "name": "chromium",
        "testDir": "/Users/yoshitaka.yamagishi/Documents/projects/my-board-app/tests/e2e",
        "testIgnore": [],
        "testMatch": [
          "**/*.@(spec|test).?(c|m)[jt]s?(x)"
        ],
        "timeout": 60000
      }
    ],
    "shard": null,
    "updateSnapshots": "missing",
    "updateSourceMethod": "patch",
    "version": "1.55.0",
    "workers": 1,
    "webServer": {
      "command": "npm run dev",
      "url": "http://localhost:3000",
      "reuseExistingServer": true,
      "timeout": 120000
    }
  },
  "suites": [
    {
      "title": "follow.spec.ts",
      "file": "follow.spec.ts",
      "column": 0,
      "line": 0,
      "specs": [],
      "suites": [
        {
          "title": "ãƒ•ã‚©ãƒ­ãƒ¼æ©Ÿèƒ½E2Eãƒ†ã‚¹ãƒˆ",
          "file": "follow.spec.ts",
          "line": 96,
          "column": 6,
          "specs": [
            {
              "title": "ãƒ•ã‚©ãƒ­ãƒ¼ãƒœã‚¿ãƒ³ãŒè¡¨ç¤ºã•ã‚Œã‚‹",
              "ok": false,
              "tags": [],
              "tests": [
                {
                  "timeout": 60000,
                  "annotations": [],
                  "expectedStatus": "passed",
                  "projectId": "chromium",
                  "projectName": "chromium",
                  "results": [
                    {
                      "workerIndex": 0,
                      "parallelIndex": 0,
                      "status": "failed",
                      "duration": 12441,
                      "error": {
                        "message": "Error: \u001b[2mexpect(\u001b[22m\u001b[31mlocator\u001b[39m\u001b[2m).\u001b[22mtoBeVisible\u001b[2m()\u001b[22m failed\n\nLocator:  locator('button[data-testid=\"follow-button\"]').first()\nExpected: visible\nReceived: <element(s) not found>\nTimeout:  10000ms\n\nCall log:\n\u001b[2m  - Expect \"toBeVisible\" with timeout 10000ms\u001b[22m\n\u001b[2m  - waiting for locator('button[data-testid=\"follow-button\"]').first()\u001b[22m\n",
                        "stack": "Error: \u001b[2mexpect(\u001b[22m\u001b[31mlocator\u001b[39m\u001b[2m).\u001b[22mtoBeVisible\u001b[2m()\u001b[22m failed\n\nLocator:  locator('button[data-testid=\"follow-button\"]').first()\nExpected: visible\nReceived: <element(s) not found>\nTimeout:  10000ms\n\nCall log:\n\u001b[2m  - Expect \"toBeVisible\" with timeout 10000ms\u001b[22m\n\u001b[2m  - waiting for locator('button[data-testid=\"follow-button\"]').first()\u001b[22m\n\n    at /Users/yoshitaka.yamagishi/Documents/projects/my-board-app/tests/e2e/follow.spec.ts:110:32",
                        "location": {
                          "file": "/Users/yoshitaka.yamagishi/Documents/projects/my-board-app/tests/e2e/follow.spec.ts",
                          "column": 32,
                          "line": 110
                        },
                        "snippet": "  108 |     \n  109 |     // ãƒœã‚¿ãƒ³ã®å­˜åœ¨ç¢ºèªï¼ˆã‚¿ã‚¤ãƒ ã‚¢ã‚¦ãƒˆ10ç§’ï¼‰\n> 110 |     await expect(followButton).toBeVisible({ timeout: 10000 });\n      |                                ^\n  111 |     \n  112 |     // ãƒœã‚¿ãƒ³ãƒ†ã‚­ã‚¹ãƒˆç¢ºèª\n  113 |     const buttonText = await followButton.textContent();"
                      },
                      "errors": [
                        {
                          "location": {
                            "file": "/Users/yoshitaka.yamagishi/Documents/projects/my-board-app/tests/e2e/follow.spec.ts",
                            "column": 32,
                            "line": 110
                          },
                          "message": "Error: \u001b[2mexpect(\u001b[22m\u001b[31mlocator\u001b[39m\u001b[2m).\u001b[22mtoBeVisible\u001b[2m()\u001b[22m failed\n\nLocator:  locator('button[data-testid=\"follow-button\"]').first()\nExpected: visible\nReceived: <element(s) not found>\nTimeout:  10000ms\n\nCall log:\n\u001b[2m  - Expect \"toBeVisible\" with timeout 10000ms\u001b[22m\n\u001b[2m  - waiting for locator('button[data-testid=\"follow-button\"]').first()\u001b[22m\n\n\n  108 |     \n  109 |     // ãƒœã‚¿ãƒ³ã®å­˜åœ¨ç¢ºèªï¼ˆã‚¿ã‚¤ãƒ ã‚¢ã‚¦ãƒˆ10ç§’ï¼‰\n> 110 |     await expect(followButton).toBeVisible({ timeout: 10000 });\n      |                                ^\n  111 |     \n  112 |     // ãƒœã‚¿ãƒ³ãƒ†ã‚­ã‚¹ãƒˆç¢ºèª\n  113 |     const buttonText = await followButton.textContent();\n    at /Users/yoshitaka.yamagishi/Documents/projects/my-board-app/tests/e2e/follow.spec.ts:110:32"
                        }
                      ],
                      "stdout": [],
                      "stderr": [],
                      "retry": 0,
                      "startTime": "2025-08-28T00:49:42.395Z",
                      "annotations": [],
                      "attachments": [
                        {
                          "name": "screenshot",
                          "contentType": "image/png",
                          "path": "/Users/yoshitaka.yamagishi/Documents/projects/my-board-app/test-results/follow-ãƒ•ã‚©ãƒ­ãƒ¼æ©Ÿèƒ½E2Eãƒ†ã‚¹ãƒˆ-ãƒ•ã‚©ãƒ­ãƒ¼ãƒœã‚¿ãƒ³ãŒè¡¨ç¤ºã•ã‚Œã‚‹-chromium/test-failed-1.png"
                        },
                        {
                          "name": "video",
                          "contentType": "video/webm",
                          "path": "/Users/yoshitaka.yamagishi/Documents/projects/my-board-app/test-results/follow-ãƒ•ã‚©ãƒ­ãƒ¼æ©Ÿèƒ½E2Eãƒ†ã‚¹ãƒˆ-ãƒ•ã‚©ãƒ­ãƒ¼ãƒœã‚¿ãƒ³ãŒè¡¨ç¤ºã•ã‚Œã‚‹-chromium/video.webm"
                        },
                        {
                          "name": "error-context",
                          "contentType": "text/markdown",
                          "path": "/Users/yoshitaka.yamagishi/Documents/projects/my-board-app/test-results/follow-ãƒ•ã‚©ãƒ­ãƒ¼æ©Ÿèƒ½E2Eãƒ†ã‚¹ãƒˆ-ãƒ•ã‚©ãƒ­ãƒ¼ãƒœã‚¿ãƒ³ãŒè¡¨ç¤ºã•ã‚Œã‚‹-chromium/error-context.md"
                        },
                        {
                          "name": "trace",
                          "contentType": "application/zip",
                          "path": "/Users/yoshitaka.yamagishi/Documents/projects/my-board-app/test-results/follow-ãƒ•ã‚©ãƒ­ãƒ¼æ©Ÿèƒ½E2Eãƒ†ã‚¹ãƒˆ-ãƒ•ã‚©ãƒ­ãƒ¼ãƒœã‚¿ãƒ³ãŒè¡¨ç¤ºã•ã‚Œã‚‹-chromium/trace.zip"
                        }
                      ],
                      "errorLocation": {
                        "file": "/Users/yoshitaka.yamagishi/Documents/projects/my-board-app/tests/e2e/follow.spec.ts",
                        "column": 32,
                        "line": 110
                      }
                    }
                  ],
                  "status": "unexpected"
                }
              ],
              "id": "1e2bdb6f6fbc3d67c557-78e716c44ea37e590ce9",
              "file": "follow.spec.ts",
              "line": 102,
              "column": 7
            },
            {
              "title": "æœªèªè¨¼çŠ¶æ…‹ã§ãƒ•ã‚©ãƒ­ãƒ¼ãƒœã‚¿ãƒ³ãŒæ©Ÿèƒ½ã—ãªã„",
              "ok": true,
              "tags": [],
              "tests": [
                {
                  "timeout": 60000,
                  "annotations": [],
                  "expectedStatus": "passed",
                  "projectId": "chromium",
                  "projectName": "chromium",
                  "results": [
                    {
                      "workerIndex": 1,
                      "parallelIndex": 0,
                      "status": "passed",
                      "duration": 1526,
                      "errors": [],
                      "stdout": [],
                      "stderr": [],
                      "retry": 0,
                      "startTime": "2025-08-28T00:49:55.714Z",
                      "annotations": [],
                      "attachments": [
                        {
                          "name": "trace",
                          "contentType": "application/zip",
                          "path": "/Users/yoshitaka.yamagishi/Documents/projects/my-board-app/test-results/follow-ãƒ•ã‚©ãƒ­ãƒ¼æ©Ÿèƒ½E2Eãƒ†ã‚¹ãƒˆ-æœªèªè¨¼çŠ¶æ…‹ã§ãƒ•ã‚©ãƒ­ãƒ¼ãƒœã‚¿ãƒ³ãŒæ©Ÿèƒ½ã—ãªã„-chromium/trace.zip"
                        }
                      ]
                    }
                  ],
                  "status": "expected"
                }
              ],
              "id": "1e2bdb6f6fbc3d67c557-72d3d906463cddfd322c",
              "file": "follow.spec.ts",
              "line": 117,
              "column": 7
            },
            {
              "title": "èªè¨¼æ¸ˆã¿ãƒ¦ãƒ¼ã‚¶ãƒ¼ãŒãƒ•ã‚©ãƒ­ãƒ¼/ã‚¢ãƒ³ãƒ•ã‚©ãƒ­ãƒ¼æ“ä½œã§ãã‚‹",
              "ok": false,
              "tags": [],
              "tests": [
                {
                  "timeout": 60000,
                  "annotations": [],
                  "expectedStatus": "passed",
                  "projectId": "chromium",
                  "projectName": "chromium",
                  "results": [
                    {
                      "workerIndex": 1,
                      "parallelIndex": 0,
                      "status": "failed",
                      "duration": 143,
                      "error": {
                        "message": "Error: page.evaluate: SecurityError: Failed to read the 'localStorage' property from 'Window': Access is denied for this document.\n    at UtilityScript.evaluate (<anonymous>:293:16)\n    at UtilityScript.<anonymous> (<anonymous>:1:44)",
                        "stack": "Error: page.evaluate: SecurityError: Failed to read the 'localStorage' property from 'Window': Access is denied for this document.\n    at UtilityScript.evaluate (<anonymous>:293:16)\n    at UtilityScript.<anonymous> (<anonymous>:1:44)\n    at UtilityScript.evaluate (<anonymous>:293:16)\n    at UtilityScript.<anonymous> (<anonymous>:1:44)\n    at mockLogin (/Users/yoshitaka.yamagishi/Documents/projects/my-board-app/tests/e2e/follow.spec.ts:26:14)\n    at /Users/yoshitaka.yamagishi/Documents/projects/my-board-app/tests/e2e/follow.spec.ts:137:11",
                        "location": {
                          "file": "<anonymous>",
                          "column": 16,
                          "line": 293
                        }
                      },
                      "errors": [
                        {
                          "location": {
                            "file": "<anonymous>",
                            "column": 16,
                            "line": 293
                          },
                          "message": "Error: page.evaluate: SecurityError: Failed to read the 'localStorage' property from 'Window': Access is denied for this document.\n    at UtilityScript.evaluate (<anonymous>:293:16)\n    at UtilityScript.<anonymous> (<anonymous>:1:44)\n    at UtilityScript.evaluate (<anonymous>:293:16)\n    at UtilityScript.<anonymous> (<anonymous>:1:44)\n    at mockLogin (/Users/yoshitaka.yamagishi/Documents/projects/my-board-app/tests/e2e/follow.spec.ts:26:14)\n    at /Users/yoshitaka.yamagishi/Documents/projects/my-board-app/tests/e2e/follow.spec.ts:137:11"
                        }
                      ],
                      "stdout": [],
                      "stderr": [],
                      "retry": 0,
                      "startTime": "2025-08-28T00:49:57.420Z",
                      "annotations": [],
                      "attachments": [
                        {
                          "name": "screenshot",
                          "contentType": "image/png",
                          "path": "/Users/yoshitaka.yamagishi/Documents/projects/my-board-app/test-results/follow-ãƒ•ã‚©ãƒ­ãƒ¼æ©Ÿèƒ½E2Eãƒ†ã‚¹ãƒˆ-èªè¨¼æ¸ˆã¿ãƒ¦ãƒ¼ã‚¶ãƒ¼ãŒãƒ•ã‚©ãƒ­ãƒ¼-ã‚¢ãƒ³ãƒ•ã‚©ãƒ­ãƒ¼æ“ä½œã§ãã‚‹-chromium/test-failed-1.png"
                        },
                        {
                          "name": "video",
                          "contentType": "video/webm",
                          "path": "/Users/yoshitaka.yamagishi/Documents/projects/my-board-app/test-results/follow-ãƒ•ã‚©ãƒ­ãƒ¼æ©Ÿèƒ½E2Eãƒ†ã‚¹ãƒˆ-èªè¨¼æ¸ˆã¿ãƒ¦ãƒ¼ã‚¶ãƒ¼ãŒãƒ•ã‚©ãƒ­ãƒ¼-ã‚¢ãƒ³ãƒ•ã‚©ãƒ­ãƒ¼æ“ä½œã§ãã‚‹-chromium/video.webm"
                        },
                        {
                          "name": "trace",
                          "contentType": "application/zip",
                          "path": "/Users/yoshitaka.yamagishi/Documents/projects/my-board-app/test-results/follow-ãƒ•ã‚©ãƒ­ãƒ¼æ©Ÿèƒ½E2Eãƒ†ã‚¹ãƒˆ-èªè¨¼æ¸ˆã¿ãƒ¦ãƒ¼ã‚¶ãƒ¼ãŒãƒ•ã‚©ãƒ­ãƒ¼-ã‚¢ãƒ³ãƒ•ã‚©ãƒ­ãƒ¼æ“ä½œã§ãã‚‹-chromium/trace.zip"
                        }
                      ],
                      "errorLocation": {
                        "file": "<anonymous>",
                        "column": 16,
                        "line": 293
                      }
                    }
                  ],
                  "status": "unexpected"
                }
              ],
              "id": "1e2bdb6f6fbc3d67c557-d2f27ae12e266f84a128",
              "file": "follow.spec.ts",
              "line": 135,
              "column": 7
            },
            {
              "title": "è¤‡æ•°ã®ãƒ•ã‚©ãƒ­ãƒ¼ãƒœã‚¿ãƒ³ãŒç‹¬ç«‹ã—ã¦å‹•ä½œã™ã‚‹",
              "ok": false,
              "tags": [],
              "tests": [
                {
                  "timeout": 60000,
                  "annotations": [],
                  "expectedStatus": "passed",
                  "projectId": "chromium",
                  "projectName": "chromium",
                  "results": [
                    {
                      "workerIndex": 2,
                      "parallelIndex": 0,
                      "status": "failed",
                      "duration": 213,
                      "error": {
                        "message": "Error: page.evaluate: SecurityError: Failed to read the 'localStorage' property from 'Window': Access is denied for this document.\n    at UtilityScript.evaluate (<anonymous>:293:16)\n    at UtilityScript.<anonymous> (<anonymous>:1:44)",
                        "stack": "Error: page.evaluate: SecurityError: Failed to read the 'localStorage' property from 'Window': Access is denied for this document.\n    at UtilityScript.evaluate (<anonymous>:293:16)\n    at UtilityScript.<anonymous> (<anonymous>:1:44)\n    at UtilityScript.evaluate (<anonymous>:293:16)\n    at UtilityScript.<anonymous> (<anonymous>:1:44)\n    at mockLogin (/Users/yoshitaka.yamagishi/Documents/projects/my-board-app/tests/e2e/follow.spec.ts:26:14)\n    at /Users/yoshitaka.yamagishi/Documents/projects/my-board-app/tests/e2e/follow.spec.ts:176:11",
                        "location": {
                          "file": "<anonymous>",
                          "column": 16,
                          "line": 293
                        }
                      },
                      "errors": [
                        {
                          "location": {
                            "file": "<anonymous>",
                            "column": 16,
                            "line": 293
                          },
                          "message": "Error: page.evaluate: SecurityError: Failed to read the 'localStorage' property from 'Window': Access is denied for this document.\n    at UtilityScript.evaluate (<anonymous>:293:16)\n    at UtilityScript.<anonymous> (<anonymous>:1:44)\n    at UtilityScript.evaluate (<anonymous>:293:16)\n    at UtilityScript.<anonymous> (<anonymous>:1:44)\n    at mockLogin (/Users/yoshitaka.yamagishi/Documents/projects/my-board-app/tests/e2e/follow.spec.ts:26:14)\n    at /Users/yoshitaka.yamagishi/Documents/projects/my-board-app/tests/e2e/follow.spec.ts:176:11"
                        }
                      ],
                      "stdout": [],
                      "stderr": [],
                      "retry": 0,
                      "startTime": "2025-08-28T00:49:58.105Z",
                      "annotations": [],
                      "attachments": [
                        {
                          "name": "screenshot",
                          "contentType": "image/png",
                          "path": "/Users/yoshitaka.yamagishi/Documents/projects/my-board-app/test-results/follow-ãƒ•ã‚©ãƒ­ãƒ¼æ©Ÿèƒ½E2Eãƒ†ã‚¹ãƒˆ-è¤‡æ•°ã®ãƒ•ã‚©ãƒ­ãƒ¼ãƒœã‚¿ãƒ³ãŒç‹¬ç«‹ã—ã¦å‹•ä½œã™ã‚‹-chromium/test-failed-1.png"
                        },
                        {
                          "name": "video",
                          "contentType": "video/webm",
                          "path": "/Users/yoshitaka.yamagishi/Documents/projects/my-board-app/test-results/follow-ãƒ•ã‚©ãƒ­ãƒ¼æ©Ÿèƒ½E2Eãƒ†ã‚¹ãƒˆ-è¤‡æ•°ã®ãƒ•ã‚©ãƒ­ãƒ¼ãƒœã‚¿ãƒ³ãŒç‹¬ç«‹ã—ã¦å‹•ä½œã™ã‚‹-chromium/video.webm"
                        },
                        {
                          "name": "trace",
                          "contentType": "application/zip",
                          "path": "/Users/yoshitaka.yamagishi/Documents/projects/my-board-app/test-results/follow-ãƒ•ã‚©ãƒ­ãƒ¼æ©Ÿèƒ½E2Eãƒ†ã‚¹ãƒˆ-è¤‡æ•°ã®ãƒ•ã‚©ãƒ­ãƒ¼ãƒœã‚¿ãƒ³ãŒç‹¬ç«‹ã—ã¦å‹•ä½œã™ã‚‹-chromium/trace.zip"
                        }
                      ],
                      "errorLocation": {
                        "file": "<anonymous>",
                        "column": 16,
                        "line": 293
                      }
                    }
                  ],
                  "status": "unexpected"
                }
              ],
              "id": "1e2bdb6f6fbc3d67c557-b0373e85a83ae74ce87d",
              "file": "follow.spec.ts",
              "line": 175,
              "column": 7
            },
            {
              "title": "ãƒãƒƒãƒˆãƒ¯ãƒ¼ã‚¯ã‚¨ãƒ©ãƒ¼æ™‚ã®ã‚¨ãƒ©ãƒ¼ãƒãƒ³ãƒ‰ãƒªãƒ³ã‚°",
              "ok": false,
              "tags": [],
              "tests": [
                {
                  "timeout": 60000,
                  "annotations": [],
                  "expectedStatus": "passed",
                  "projectId": "chromium",
                  "projectName": "chromium",
                  "results": [
                    {
                      "workerIndex": 3,
                      "parallelIndex": 0,
                      "status": "failed",
                      "duration": 244,
                      "error": {
                        "message": "Error: page.evaluate: SecurityError: Failed to read the 'localStorage' property from 'Window': Access is denied for this document.\n    at UtilityScript.evaluate (<anonymous>:293:16)\n    at UtilityScript.<anonymous> (<anonymous>:1:44)",
                        "stack": "Error: page.evaluate: SecurityError: Failed to read the 'localStorage' property from 'Window': Access is denied for this document.\n    at UtilityScript.evaluate (<anonymous>:293:16)\n    at UtilityScript.<anonymous> (<anonymous>:1:44)\n    at UtilityScript.evaluate (<anonymous>:293:16)\n    at UtilityScript.<anonymous> (<anonymous>:1:44)\n    at mockLogin (/Users/yoshitaka.yamagishi/Documents/projects/my-board-app/tests/e2e/follow.spec.ts:26:14)\n    at /Users/yoshitaka.yamagishi/Documents/projects/my-board-app/tests/e2e/follow.spec.ts:205:11",
                        "location": {
                          "file": "<anonymous>",
                          "column": 16,
                          "line": 293
                        }
                      },
                      "errors": [
                        {
                          "location": {
                            "file": "<anonymous>",
                            "column": 16,
                            "line": 293
                          },
                          "message": "Error: page.evaluate: SecurityError: Failed to read the 'localStorage' property from 'Window': Access is denied for this document.\n    at UtilityScript.evaluate (<anonymous>:293:16)\n    at UtilityScript.<anonymous> (<anonymous>:1:44)\n    at UtilityScript.evaluate (<anonymous>:293:16)\n    at UtilityScript.<anonymous> (<anonymous>:1:44)\n    at mockLogin (/Users/yoshitaka.yamagishi/Documents/projects/my-board-app/tests/e2e/follow.spec.ts:26:14)\n    at /Users/yoshitaka.yamagishi/Documents/projects/my-board-app/tests/e2e/follow.spec.ts:205:11"
                        }
                      ],
                      "stdout": [],
                      "stderr": [],
                      "retry": 0,
                      "startTime": "2025-08-28T00:49:58.964Z",
                      "annotations": [],
                      "attachments": [
                        {
                          "name": "screenshot",
                          "contentType": "image/png",
                          "path": "/Users/yoshitaka.yamagishi/Documents/projects/my-board-app/test-results/follow-ãƒ•ã‚©ãƒ­ãƒ¼æ©Ÿèƒ½E2Eãƒ†ã‚¹ãƒˆ-ãƒãƒƒãƒˆãƒ¯ãƒ¼ã‚¯ã‚¨ãƒ©ãƒ¼æ™‚ã®ã‚¨ãƒ©ãƒ¼ãƒãƒ³ãƒ‰ãƒªãƒ³ã‚°-chromium/test-failed-1.png"
                        },
                        {
                          "name": "video",
                          "contentType": "video/webm",
                          "path": "/Users/yoshitaka.yamagishi/Documents/projects/my-board-app/test-results/follow-ãƒ•ã‚©ãƒ­ãƒ¼æ©Ÿèƒ½E2Eãƒ†ã‚¹ãƒˆ-ãƒãƒƒãƒˆãƒ¯ãƒ¼ã‚¯ã‚¨ãƒ©ãƒ¼æ™‚ã®ã‚¨ãƒ©ãƒ¼ãƒãƒ³ãƒ‰ãƒªãƒ³ã‚°-chromium/video.webm"
                        },
                        {
                          "name": "trace",
                          "contentType": "application/zip",
                          "path": "/Users/yoshitaka.yamagishi/Documents/projects/my-board-app/test-results/follow-ãƒ•ã‚©ãƒ­ãƒ¼æ©Ÿèƒ½E2Eãƒ†ã‚¹ãƒˆ-ãƒãƒƒãƒˆãƒ¯ãƒ¼ã‚¯ã‚¨ãƒ©ãƒ¼æ™‚ã®ã‚¨ãƒ©ãƒ¼ãƒãƒ³ãƒ‰ãƒªãƒ³ã‚°-chromium/trace.zip"
                        }
                      ],
                      "errorLocation": {
                        "file": "<anonymous>",
                        "column": 16,
                        "line": 293
                      }
                    }
                  ],
                  "status": "unexpected"
                }
              ],
              "id": "1e2bdb6f6fbc3d67c557-a407ac7979f59786d09b",
              "file": "follow.spec.ts",
              "line": 204,
              "column": 7
            },
            {
              "title": "ãƒšãƒ¼ã‚¸ãƒªãƒ­ãƒ¼ãƒ‰å¾Œã‚‚ãƒ•ã‚©ãƒ­ãƒ¼çŠ¶æ…‹ãŒç¶­æŒã•ã‚Œã‚‹",
              "ok": false,
              "tags": [],
              "tests": [
                {
                  "timeout": 60000,
                  "annotations": [],
                  "expectedStatus": "passed",
                  "projectId": "chromium",
                  "projectName": "chromium",
                  "results": [
                    {
                      "workerIndex": 4,
                      "parallelIndex": 0,
                      "status": "failed",
                      "duration": 246,
                      "error": {
                        "message": "Error: page.evaluate: SecurityError: Failed to read the 'localStorage' property from 'Window': Access is denied for this document.\n    at UtilityScript.evaluate (<anonymous>:293:16)\n    at UtilityScript.<anonymous> (<anonymous>:1:44)",
                        "stack": "Error: page.evaluate: SecurityError: Failed to read the 'localStorage' property from 'Window': Access is denied for this document.\n    at UtilityScript.evaluate (<anonymous>:293:16)\n    at UtilityScript.<anonymous> (<anonymous>:1:44)\n    at UtilityScript.evaluate (<anonymous>:293:16)\n    at UtilityScript.<anonymous> (<anonymous>:1:44)\n    at mockLogin (/Users/yoshitaka.yamagishi/Documents/projects/my-board-app/tests/e2e/follow.spec.ts:26:14)\n    at /Users/yoshitaka.yamagishi/Documents/projects/my-board-app/tests/e2e/follow.spec.ts:241:11",
                        "location": {
                          "file": "<anonymous>",
                          "column": 16,
                          "line": 293
                        }
                      },
                      "errors": [
                        {
                          "location": {
                            "file": "<anonymous>",
                            "column": 16,
                            "line": 293
                          },
                          "message": "Error: page.evaluate: SecurityError: Failed to read the 'localStorage' property from 'Window': Access is denied for this document.\n    at UtilityScript.evaluate (<anonymous>:293:16)\n    at UtilityScript.<anonymous> (<anonymous>:1:44)\n    at UtilityScript.evaluate (<anonymous>:293:16)\n    at UtilityScript.<anonymous> (<anonymous>:1:44)\n    at mockLogin (/Users/yoshitaka.yamagishi/Documents/projects/my-board-app/tests/e2e/follow.spec.ts:26:14)\n    at /Users/yoshitaka.yamagishi/Documents/projects/my-board-app/tests/e2e/follow.spec.ts:241:11"
                        }
                      ],
                      "stdout": [],
                      "stderr": [],
                      "retry": 0,
                      "startTime": "2025-08-28T00:49:59.858Z",
                      "annotations": [],
                      "attachments": [
                        {
                          "name": "screenshot",
                          "contentType": "image/png",
                          "path": "/Users/yoshitaka.yamagishi/Documents/projects/my-board-app/test-results/follow-ãƒ•ã‚©ãƒ­ãƒ¼æ©Ÿèƒ½E2Eãƒ†ã‚¹ãƒˆ-ãƒšãƒ¼ã‚¸ãƒªãƒ­ãƒ¼ãƒ‰å¾Œã‚‚ãƒ•ã‚©ãƒ­ãƒ¼çŠ¶æ…‹ãŒç¶­æŒã•ã‚Œã‚‹-chromium/test-failed-1.png"
                        },
                        {
                          "name": "video",
                          "contentType": "video/webm",
                          "path": "/Users/yoshitaka.yamagishi/Documents/projects/my-board-app/test-results/follow-ãƒ•ã‚©ãƒ­ãƒ¼æ©Ÿèƒ½E2Eãƒ†ã‚¹ãƒˆ-ãƒšãƒ¼ã‚¸ãƒªãƒ­ãƒ¼ãƒ‰å¾Œã‚‚ãƒ•ã‚©ãƒ­ãƒ¼çŠ¶æ…‹ãŒç¶­æŒã•ã‚Œã‚‹-chromium/video.webm"
                        },
                        {
                          "name": "trace",
                          "contentType": "application/zip",
                          "path": "/Users/yoshitaka.yamagishi/Documents/projects/my-board-app/test-results/follow-ãƒ•ã‚©ãƒ­ãƒ¼æ©Ÿèƒ½E2Eãƒ†ã‚¹ãƒˆ-ãƒšãƒ¼ã‚¸ãƒªãƒ­ãƒ¼ãƒ‰å¾Œã‚‚ãƒ•ã‚©ãƒ­ãƒ¼çŠ¶æ…‹ãŒç¶­æŒã•ã‚Œã‚‹-chromium/trace.zip"
                        }
                      ],
                      "errorLocation": {
                        "file": "<anonymous>",
                        "column": 16,
                        "line": 293
                      }
                    }
                  ],
                  "status": "unexpected"
                }
              ],
              "id": "1e2bdb6f6fbc3d67c557-82ac32a54479da6f3e46",
              "file": "follow.spec.ts",
              "line": 240,
              "column": 7
            }
          ]
        },
        {
          "title": "ãƒ‘ãƒ•ã‚©ãƒ¼ãƒãƒ³ã‚¹ãƒ†ã‚¹ãƒˆ",
          "file": "follow.spec.ts",
          "line": 293,
          "column": 6,
          "specs": [
            {
              "title": "ãƒ•ã‚©ãƒ­ãƒ¼ãƒœã‚¿ãƒ³ã®å¿œç­”æ€§èƒ½",
              "ok": false,
              "tags": [],
              "tests": [
                {
                  "timeout": 60000,
                  "annotations": [],
                  "expectedStatus": "passed",
                  "projectId": "chromium",
                  "projectName": "chromium",
                  "results": [
                    {
                      "workerIndex": 5,
                      "parallelIndex": 0,
                      "status": "failed",
                      "duration": 175,
                      "error": {
                        "message": "Error: page.evaluate: SecurityError: Failed to read the 'localStorage' property from 'Window': Access is denied for this document.\n    at UtilityScript.evaluate (<anonymous>:293:16)\n    at UtilityScript.<anonymous> (<anonymous>:1:44)",
                        "stack": "Error: page.evaluate: SecurityError: Failed to read the 'localStorage' property from 'Window': Access is denied for this document.\n    at UtilityScript.evaluate (<anonymous>:293:16)\n    at UtilityScript.<anonymous> (<anonymous>:1:44)\n    at UtilityScript.evaluate (<anonymous>:293:16)\n    at UtilityScript.<anonymous> (<anonymous>:1:44)\n    at mockLogin (/Users/yoshitaka.yamagishi/Documents/projects/my-board-app/tests/e2e/follow.spec.ts:26:14)\n    at /Users/yoshitaka.yamagishi/Documents/projects/my-board-app/tests/e2e/follow.spec.ts:295:11",
                        "location": {
                          "file": "<anonymous>",
                          "column": 16,
                          "line": 293
                        }
                      },
                      "errors": [
                        {
                          "location": {
                            "file": "<anonymous>",
                            "column": 16,
                            "line": 293
                          },
                          "message": "Error: page.evaluate: SecurityError: Failed to read the 'localStorage' property from 'Window': Access is denied for this document.\n    at UtilityScript.evaluate (<anonymous>:293:16)\n    at UtilityScript.<anonymous> (<anonymous>:1:44)\n    at UtilityScript.evaluate (<anonymous>:293:16)\n    at UtilityScript.<anonymous> (<anonymous>:1:44)\n    at mockLogin (/Users/yoshitaka.yamagishi/Documents/projects/my-board-app/tests/e2e/follow.spec.ts:26:14)\n    at /Users/yoshitaka.yamagishi/Documents/projects/my-board-app/tests/e2e/follow.spec.ts:295:11"
                        }
                      ],
                      "stdout": [],
                      "stderr": [],
                      "retry": 0,
                      "startTime": "2025-08-28T00:50:00.742Z",
                      "annotations": [],
                      "attachments": [
                        {
                          "name": "screenshot",
                          "contentType": "image/png",
                          "path": "/Users/yoshitaka.yamagishi/Documents/projects/my-board-app/test-results/follow-ãƒ‘ãƒ•ã‚©ãƒ¼ãƒãƒ³ã‚¹ãƒ†ã‚¹ãƒˆ-ãƒ•ã‚©ãƒ­ãƒ¼ãƒœã‚¿ãƒ³ã®å¿œç­”æ€§èƒ½-chromium/test-failed-1.png"
                        },
                        {
                          "name": "video",
                          "contentType": "video/webm",
                          "path": "/Users/yoshitaka.yamagishi/Documents/projects/my-board-app/test-results/follow-ãƒ‘ãƒ•ã‚©ãƒ¼ãƒãƒ³ã‚¹ãƒ†ã‚¹ãƒˆ-ãƒ•ã‚©ãƒ­ãƒ¼ãƒœã‚¿ãƒ³ã®å¿œç­”æ€§èƒ½-chromium/video.webm"
                        },
                        {
                          "name": "trace",
                          "contentType": "application/zip",
                          "path": "/Users/yoshitaka.yamagishi/Documents/projects/my-board-app/test-results/follow-ãƒ‘ãƒ•ã‚©ãƒ¼ãƒãƒ³ã‚¹ãƒ†ã‚¹ãƒˆ-ãƒ•ã‚©ãƒ­ãƒ¼ãƒœã‚¿ãƒ³ã®å¿œç­”æ€§èƒ½-chromium/trace.zip"
                        }
                      ],
                      "errorLocation": {
                        "file": "<anonymous>",
                        "column": 16,
                        "line": 293
                      }
                    }
                  ],
                  "status": "unexpected"
                }
              ],
              "id": "1e2bdb6f6fbc3d67c557-75dafdd33217b571b24b",
              "file": "follow.spec.ts",
              "line": 294,
              "column": 7
            }
          ]
        },
        {
          "title": "ã‚¢ã‚¯ã‚»ã‚·ãƒ“ãƒªãƒ†ã‚£ãƒ†ã‚¹ãƒˆ",
          "file": "follow.spec.ts",
          "line": 328,
          "column": 6,
          "specs": [
            {
              "title": "ãƒ•ã‚©ãƒ­ãƒ¼ãƒœã‚¿ãƒ³ã®aria-labelç¢ºèª",
              "ok": false,
              "tags": [],
              "tests": [
                {
                  "timeout": 60000,
                  "annotations": [],
                  "expectedStatus": "passed",
                  "projectId": "chromium",
                  "projectName": "chromium",
                  "results": [
                    {
                      "workerIndex": 6,
                      "parallelIndex": 0,
                      "status": "failed",
                      "duration": 11036,
                      "error": {
                        "message": "Error: \u001b[2mexpect(\u001b[22m\u001b[31mlocator\u001b[39m\u001b[2m).\u001b[22mtoBeVisible\u001b[2m()\u001b[22m failed\n\nLocator:  locator('button[data-testid=\"follow-button\"]').first()\nExpected: visible\nReceived: <element(s) not found>\nTimeout:  10000ms\n\nCall log:\n\u001b[2m  - Expect \"toBeVisible\" with timeout 10000ms\u001b[22m\n\u001b[2m  - waiting for locator('button[data-testid=\"follow-button\"]').first()\u001b[22m\n",
                        "stack": "Error: \u001b[2mexpect(\u001b[22m\u001b[31mlocator\u001b[39m\u001b[2m).\u001b[22mtoBeVisible\u001b[2m()\u001b[22m failed\n\nLocator:  locator('button[data-testid=\"follow-button\"]').first()\nExpected: visible\nReceived: <element(s) not found>\nTimeout:  10000ms\n\nCall log:\n\u001b[2m  - Expect \"toBeVisible\" with timeout 10000ms\u001b[22m\n\u001b[2m  - waiting for locator('button[data-testid=\"follow-button\"]').first()\u001b[22m\n\n    at /Users/yoshitaka.yamagishi/Documents/projects/my-board-app/tests/e2e/follow.spec.ts:333:32",
                        "location": {
                          "file": "/Users/yoshitaka.yamagishi/Documents/projects/my-board-app/tests/e2e/follow.spec.ts",
                          "column": 32,
                          "line": 333
                        },
                        "snippet": "  331 |     \n  332 |     const followButton = page.locator('button[data-testid=\"follow-button\"]').first();\n> 333 |     await expect(followButton).toBeVisible({ timeout: 10000 });\n      |                                ^\n  334 |     \n  335 |     // aria-labelã®ç¢ºèª\n  336 |     const ariaLabel = await followButton.getAttribute('aria-label');"
                      },
                      "errors": [
                        {
                          "location": {
                            "file": "/Users/yoshitaka.yamagishi/Documents/projects/my-board-app/tests/e2e/follow.spec.ts",
                            "column": 32,
                            "line": 333
                          },
                          "message": "Error: \u001b[2mexpect(\u001b[22m\u001b[31mlocator\u001b[39m\u001b[2m).\u001b[22mtoBeVisible\u001b[2m()\u001b[22m failed\n\nLocator:  locator('button[data-testid=\"follow-button\"]').first()\nExpected: visible\nReceived: <element(s) not found>\nTimeout:  10000ms\n\nCall log:\n\u001b[2m  - Expect \"toBeVisible\" with timeout 10000ms\u001b[22m\n\u001b[2m  - waiting for locator('button[data-testid=\"follow-button\"]').first()\u001b[22m\n\n\n  331 |     \n  332 |     const followButton = page.locator('button[data-testid=\"follow-button\"]').first();\n> 333 |     await expect(followButton).toBeVisible({ timeout: 10000 });\n      |                                ^\n  334 |     \n  335 |     // aria-labelã®ç¢ºèª\n  336 |     const ariaLabel = await followButton.getAttribute('aria-label');\n    at /Users/yoshitaka.yamagishi/Documents/projects/my-board-app/tests/e2e/follow.spec.ts:333:32"
                        }
                      ],
                      "stdout": [],
                      "stderr": [],
                      "retry": 0,
                      "startTime": "2025-08-28T00:50:01.542Z",
                      "annotations": [],
                      "attachments": [
                        {
                          "name": "screenshot",
                          "contentType": "image/png",
                          "path": "/Users/yoshitaka.yamagishi/Documents/projects/my-board-app/test-results/follow-ã‚¢ã‚¯ã‚»ã‚·ãƒ“ãƒªãƒ†ã‚£ãƒ†ã‚¹ãƒˆ-ãƒ•ã‚©ãƒ­ãƒ¼ãƒœã‚¿ãƒ³ã®aria-labelç¢ºèª-chromium/test-failed-1.png"
                        },
                        {
                          "name": "video",
                          "contentType": "video/webm",
                          "path": "/Users/yoshitaka.yamagishi/Documents/projects/my-board-app/test-results/follow-ã‚¢ã‚¯ã‚»ã‚·ãƒ“ãƒªãƒ†ã‚£ãƒ†ã‚¹ãƒˆ-ãƒ•ã‚©ãƒ­ãƒ¼ãƒœã‚¿ãƒ³ã®aria-labelç¢ºèª-chromium/video.webm"
                        },
                        {
                          "name": "error-context",
                          "contentType": "text/markdown",
                          "path": "/Users/yoshitaka.yamagishi/Documents/projects/my-board-app/test-results/follow-ã‚¢ã‚¯ã‚»ã‚·ãƒ“ãƒªãƒ†ã‚£ãƒ†ã‚¹ãƒˆ-ãƒ•ã‚©ãƒ­ãƒ¼ãƒœã‚¿ãƒ³ã®aria-labelç¢ºèª-chromium/error-context.md"
                        },
                        {
                          "name": "trace",
                          "contentType": "application/zip",
                          "path": "/Users/yoshitaka.yamagishi/Documents/projects/my-board-app/test-results/follow-ã‚¢ã‚¯ã‚»ã‚·ãƒ“ãƒªãƒ†ã‚£ãƒ†ã‚¹ãƒˆ-ãƒ•ã‚©ãƒ­ãƒ¼ãƒœã‚¿ãƒ³ã®aria-labelç¢ºèª-chromium/trace.zip"
                        }
                      ],
                      "errorLocation": {
                        "file": "/Users/yoshitaka.yamagishi/Documents/projects/my-board-app/tests/e2e/follow.spec.ts",
                        "column": 32,
                        "line": 333
                      }
                    }
                  ],
                  "status": "unexpected"
                }
              ],
              "id": "1e2bdb6f6fbc3d67c557-201c46e651909d93618c",
              "file": "follow.spec.ts",
              "line": 329,
              "column": 7
            },
            {
              "title": "ã‚­ãƒ¼ãƒœãƒ¼ãƒ‰æ“ä½œã§ãƒ•ã‚©ãƒ­ãƒ¼ãƒœã‚¿ãƒ³ã‚’æ“ä½œã§ãã‚‹",
              "ok": false,
              "tags": [],
              "tests": [
                {
                  "timeout": 60000,
                  "annotations": [],
                  "expectedStatus": "passed",
                  "projectId": "chromium",
                  "projectName": "chromium",
                  "results": [
                    {
                      "workerIndex": 7,
                      "parallelIndex": 0,
                      "status": "failed",
                      "duration": 175,
                      "error": {
                        "message": "Error: page.evaluate: SecurityError: Failed to read the 'localStorage' property from 'Window': Access is denied for this document.\n    at UtilityScript.evaluate (<anonymous>:293:16)\n    at UtilityScript.<anonymous> (<anonymous>:1:44)",
                        "stack": "Error: page.evaluate: SecurityError: Failed to read the 'localStorage' property from 'Window': Access is denied for this document.\n    at UtilityScript.evaluate (<anonymous>:293:16)\n    at UtilityScript.<anonymous> (<anonymous>:1:44)\n    at UtilityScript.evaluate (<anonymous>:293:16)\n    at UtilityScript.<anonymous> (<anonymous>:1:44)\n    at mockLogin (/Users/yoshitaka.yamagishi/Documents/projects/my-board-app/tests/e2e/follow.spec.ts:26:14)\n    at /Users/yoshitaka.yamagishi/Documents/projects/my-board-app/tests/e2e/follow.spec.ts:341:11",
                        "location": {
                          "file": "<anonymous>",
                          "column": 16,
                          "line": 293
                        }
                      },
                      "errors": [
                        {
                          "location": {
                            "file": "<anonymous>",
                            "column": 16,
                            "line": 293
                          },
                          "message": "Error: page.evaluate: SecurityError: Failed to read the 'localStorage' property from 'Window': Access is denied for this document.\n    at UtilityScript.evaluate (<anonymous>:293:16)\n    at UtilityScript.<anonymous> (<anonymous>:1:44)\n    at UtilityScript.evaluate (<anonymous>:293:16)\n    at UtilityScript.<anonymous> (<anonymous>:1:44)\n    at mockLogin (/Users/yoshitaka.yamagishi/Documents/projects/my-board-app/tests/e2e/follow.spec.ts:26:14)\n    at /Users/yoshitaka.yamagishi/Documents/projects/my-board-app/tests/e2e/follow.spec.ts:341:11"
                        }
                      ],
                      "stdout": [],
                      "stderr": [],
                      "retry": 0,
                      "startTime": "2025-08-28T00:50:13.338Z",
                      "annotations": [],
                      "attachments": [
                        {
                          "name": "screenshot",
                          "contentType": "image/png",
                          "path": "/Users/yoshitaka.yamagishi/Documents/projects/my-board-app/test-results/follow-ã‚¢ã‚¯ã‚»ã‚·ãƒ“ãƒªãƒ†ã‚£ãƒ†ã‚¹ãƒˆ-ã‚­ãƒ¼ãƒœãƒ¼ãƒ‰æ“ä½œã§ãƒ•ã‚©ãƒ­ãƒ¼ãƒœã‚¿ãƒ³ã‚’æ“ä½œã§ãã‚‹-chromium/test-failed-1.png"
                        },
                        {
                          "name": "video",
                          "contentType": "video/webm",
                          "path": "/Users/yoshitaka.yamagishi/Documents/projects/my-board-app/test-results/follow-ã‚¢ã‚¯ã‚»ã‚·ãƒ“ãƒªãƒ†ã‚£ãƒ†ã‚¹ãƒˆ-ã‚­ãƒ¼ãƒœãƒ¼ãƒ‰æ“ä½œã§ãƒ•ã‚©ãƒ­ãƒ¼ãƒœã‚¿ãƒ³ã‚’æ“ä½œã§ãã‚‹-chromium/video.webm"
                        },
                        {
                          "name": "trace",
                          "contentType": "application/zip",
                          "path": "/Users/yoshitaka.yamagishi/Documents/projects/my-board-app/test-results/follow-ã‚¢ã‚¯ã‚»ã‚·ãƒ“ãƒªãƒ†ã‚£ãƒ†ã‚¹ãƒˆ-ã‚­ãƒ¼ãƒœãƒ¼ãƒ‰æ“ä½œã§ãƒ•ã‚©ãƒ­ãƒ¼ãƒœã‚¿ãƒ³ã‚’æ“ä½œã§ãã‚‹-chromium/trace.zip"
                        }
                      ],
                      "errorLocation": {
                        "file": "<anonymous>",
                        "column": 16,
                        "line": 293
                      }
                    }
                  ],
                  "status": "unexpected"
                }
              ],
              "id": "1e2bdb6f6fbc3d67c557-7585a888c68b58e600a5",
              "file": "follow.spec.ts",
              "line": 340,
              "column": 7
            }
          ]
        }
      ]
    }
  ],
  "errors": [],
  "stats": {
    "startTime": "2025-08-28T00:49:41.796Z",
    "duration": 31918.866,
    "expected": 1,
    "skipped": 0,
    "unexpected": 8,
    "flaky": 0
  }
}
<testsuites id="" name="" tests="9" failures="8" skipped="0" errors="0" time="31.918866">
<testsuite name="follow.spec.ts" timestamp="2025-08-28T00:49:41.931Z" hostname="chromium" tests="9" failures="8" skipped="0" time="26.199" errors="0">
<testcase name="ãƒ•ã‚©ãƒ­ãƒ¼æ©Ÿèƒ½E2Eãƒ†ã‚¹ãƒˆ â€º ãƒ•ã‚©ãƒ­ãƒ¼ãƒœã‚¿ãƒ³ãŒè¡¨ç¤ºã•ã‚Œã‚‹" classname="follow.spec.ts" time="12.441">
<failure message="follow.spec.ts:102:7 ãƒ•ã‚©ãƒ­ãƒ¼ãƒœã‚¿ãƒ³ãŒè¡¨ç¤ºã•ã‚Œã‚‹" type="FAILURE">
<![CDATA[  [chromium] â€º follow.spec.ts:102:7 â€º ãƒ•ã‚©ãƒ­ãƒ¼æ©Ÿèƒ½E2Eãƒ†ã‚¹ãƒˆ â€º ãƒ•ã‚©ãƒ­ãƒ¼ãƒœã‚¿ãƒ³ãŒè¡¨ç¤ºã•ã‚Œã‚‹ â”€â”€â”€â”€â”€â”€â”€â”€â”€â”€â”€â”€â”€â”€â”€â”€â”€â”€â”€â”€â”€â”€â”€â”€â”€â”€â”€â”€â”€â”€â”€â”€â”€

    Error: expect(locator).toBeVisible() failed

    Locator:  locator('button[data-testid="follow-button"]').first()
    Expected: visible
    Received: <element(s) not found>
    Timeout:  10000ms

    Call log:
      - Expect "toBeVisible" with timeout 10000ms
      - waiting for locator('button[data-testid="follow-button"]').first()


      108 |     
      109 |     // ãƒœã‚¿ãƒ³ã®å­˜åœ¨ç¢ºèªï¼ˆã‚¿ã‚¤ãƒ ã‚¢ã‚¦ãƒˆ10ç§’ï¼‰
    > 110 |     await expect(followButton).toBeVisible({ timeout: 10000 });
          |                                ^
      111 |     
      112 |     // ãƒœã‚¿ãƒ³ãƒ†ã‚­ã‚¹ãƒˆç¢ºèª
      113 |     const buttonText = await followButton.textContent();
        at /Users/yoshitaka.yamagishi/Documents/projects/my-board-app/tests/e2e/follow.spec.ts:110:32

    attachment #1: screenshot (image/png) â”€â”€â”€â”€â”€â”€â”€â”€â”€â”€â”€â”€â”€â”€â”€â”€â”€â”€â”€â”€â”€â”€â”€â”€â”€â”€â”€â”€â”€â”€â”€â”€â”€â”€â”€â”€â”€â”€â”€â”€â”€â”€â”€â”€â”€â”€â”€â”€â”€â”€â”€â”€â”€â”€â”€â”€â”€â”€
    ../../test-results/follow-ãƒ•ã‚©ãƒ­ãƒ¼æ©Ÿèƒ½E2Eãƒ†ã‚¹ãƒˆ-ãƒ•ã‚©ãƒ­ãƒ¼ãƒœã‚¿ãƒ³ãŒè¡¨ç¤ºã•ã‚Œã‚‹-chromium/test-failed-1.png
    â”€â”€â”€â”€â”€â”€â”€â”€â”€â”€â”€â”€â”€â”€â”€â”€â”€â”€â”€â”€â”€â”€â”€â”€â”€â”€â”€â”€â”€â”€â”€â”€â”€â”€â”€â”€â”€â”€â”€â”€â”€â”€â”€â”€â”€â”€â”€â”€â”€â”€â”€â”€â”€â”€â”€â”€â”€â”€â”€â”€â”€â”€â”€â”€â”€â”€â”€â”€â”€â”€â”€â”€â”€â”€â”€â”€â”€â”€â”€â”€â”€â”€â”€â”€â”€â”€â”€â”€â”€â”€â”€â”€â”€â”€â”€â”€

    attachment #2: video (video/webm) â”€â”€â”€â”€â”€â”€â”€â”€â”€â”€â”€â”€â”€â”€â”€â”€â”€â”€â”€â”€â”€â”€â”€â”€â”€â”€â”€â”€â”€â”€â”€â”€â”€â”€â”€â”€â”€â”€â”€â”€â”€â”€â”€â”€â”€â”€â”€â”€â”€â”€â”€â”€â”€â”€â”€â”€â”€â”€â”€â”€â”€â”€
    ../../test-results/follow-ãƒ•ã‚©ãƒ­ãƒ¼æ©Ÿèƒ½E2Eãƒ†ã‚¹ãƒˆ-ãƒ•ã‚©ãƒ­ãƒ¼ãƒœã‚¿ãƒ³ãŒè¡¨ç¤ºã•ã‚Œã‚‹-chromium/video.webm
    â”€â”€â”€â”€â”€â”€â”€â”€â”€â”€â”€â”€â”€â”€â”€â”€â”€â”€â”€â”€â”€â”€â”€â”€â”€â”€â”€â”€â”€â”€â”€â”€â”€â”€â”€â”€â”€â”€â”€â”€â”€â”€â”€â”€â”€â”€â”€â”€â”€â”€â”€â”€â”€â”€â”€â”€â”€â”€â”€â”€â”€â”€â”€â”€â”€â”€â”€â”€â”€â”€â”€â”€â”€â”€â”€â”€â”€â”€â”€â”€â”€â”€â”€â”€â”€â”€â”€â”€â”€â”€â”€â”€â”€â”€â”€â”€

    Error Context: ../../test-results/follow-ãƒ•ã‚©ãƒ­ãƒ¼æ©Ÿèƒ½E2Eãƒ†ã‚¹ãƒˆ-ãƒ•ã‚©ãƒ­ãƒ¼ãƒœã‚¿ãƒ³ãŒè¡¨ç¤ºã•ã‚Œã‚‹-chromium/error-context.md

    attachment #4: trace (application/zip) â”€â”€â”€â”€â”€â”€â”€â”€â”€â”€â”€â”€â”€â”€â”€â”€â”€â”€â”€â”€â”€â”€â”€â”€â”€â”€â”€â”€â”€â”€â”€â”€â”€â”€â”€â”€â”€â”€â”€â”€â”€â”€â”€â”€â”€â”€â”€â”€â”€â”€â”€â”€â”€â”€â”€â”€â”€
    ../../test-results/follow-ãƒ•ã‚©ãƒ­ãƒ¼æ©Ÿèƒ½E2Eãƒ†ã‚¹ãƒˆ-ãƒ•ã‚©ãƒ­ãƒ¼ãƒœã‚¿ãƒ³ãŒè¡¨ç¤ºã•ã‚Œã‚‹-chromium/trace.zip
    Usage:

        npx playwright show-trace ../../test-results/follow-ãƒ•ã‚©ãƒ­ãƒ¼æ©Ÿèƒ½E2Eãƒ†ã‚¹ãƒˆ-ãƒ•ã‚©ãƒ­ãƒ¼ãƒœã‚¿ãƒ³ãŒè¡¨ç¤ºã•ã‚Œã‚‹-chromium/trace.zip

    â”€â”€â”€â”€â”€â”€â”€â”€â”€â”€â”€â”€â”€â”€â”€â”€â”€â”€â”€â”€â”€â”€â”€â”€â”€â”€â”€â”€â”€â”€â”€â”€â”€â”€â”€â”€â”€â”€â”€â”€â”€â”€â”€â”€â”€â”€â”€â”€â”€â”€â”€â”€â”€â”€â”€â”€â”€â”€â”€â”€â”€â”€â”€â”€â”€â”€â”€â”€â”€â”€â”€â”€â”€â”€â”€â”€â”€â”€â”€â”€â”€â”€â”€â”€â”€â”€â”€â”€â”€â”€â”€â”€â”€â”€â”€â”€
]]>
</failure>
<system-out>
<![CDATA[
[[ATTACHMENT|test-results/follow-ãƒ•ã‚©ãƒ­ãƒ¼æ©Ÿèƒ½E2Eãƒ†ã‚¹ãƒˆ-ãƒ•ã‚©ãƒ­ãƒ¼ãƒœã‚¿ãƒ³ãŒè¡¨ç¤ºã•ã‚Œã‚‹-chromium/test-failed-1.png]]

[[ATTACHMENT|test-results/follow-ãƒ•ã‚©ãƒ­ãƒ¼æ©Ÿèƒ½E2Eãƒ†ã‚¹ãƒˆ-ãƒ•ã‚©ãƒ­ãƒ¼ãƒœã‚¿ãƒ³ãŒè¡¨ç¤ºã•ã‚Œã‚‹-chromium/video.webm]]

[[ATTACHMENT|test-results/follow-ãƒ•ã‚©ãƒ­ãƒ¼æ©Ÿèƒ½E2Eãƒ†ã‚¹ãƒˆ-ãƒ•ã‚©ãƒ­ãƒ¼ãƒœã‚¿ãƒ³ãŒè¡¨ç¤ºã•ã‚Œã‚‹-chromium/error-context.md]]

[[ATTACHMENT|test-results/follow-ãƒ•ã‚©ãƒ­ãƒ¼æ©Ÿèƒ½E2Eãƒ†ã‚¹ãƒˆ-ãƒ•ã‚©ãƒ­ãƒ¼ãƒœã‚¿ãƒ³ãŒè¡¨ç¤ºã•ã‚Œã‚‹-chromium/trace.zip]]
]]>
</system-out>
</testcase>
<testcase name="ãƒ•ã‚©ãƒ­ãƒ¼æ©Ÿèƒ½E2Eãƒ†ã‚¹ãƒˆ â€º æœªèªè¨¼çŠ¶æ…‹ã§ãƒ•ã‚©ãƒ­ãƒ¼ãƒœã‚¿ãƒ³ãŒæ©Ÿèƒ½ã—ãªã„" classname="follow.spec.ts" time="1.526">
<system-out>
<![CDATA[
[[ATTACHMENT|test-results/follow-ãƒ•ã‚©ãƒ­ãƒ¼æ©Ÿèƒ½E2Eãƒ†ã‚¹ãƒˆ-æœªèªè¨¼çŠ¶æ…‹ã§ãƒ•ã‚©ãƒ­ãƒ¼ãƒœã‚¿ãƒ³ãŒæ©Ÿèƒ½ã—ãªã„-chromium/trace.zip]]
]]>
</system-out>
</testcase>
<testcase name="ãƒ•ã‚©ãƒ­ãƒ¼æ©Ÿèƒ½E2Eãƒ†ã‚¹ãƒˆ â€º èªè¨¼æ¸ˆã¿ãƒ¦ãƒ¼ã‚¶ãƒ¼ãŒãƒ•ã‚©ãƒ­ãƒ¼/ã‚¢ãƒ³ãƒ•ã‚©ãƒ­ãƒ¼æ“ä½œã§ãã‚‹" classname="follow.spec.ts" time="0.143">
<failure message="follow.spec.ts:135:7 èªè¨¼æ¸ˆã¿ãƒ¦ãƒ¼ã‚¶ãƒ¼ãŒãƒ•ã‚©ãƒ­ãƒ¼/ã‚¢ãƒ³ãƒ•ã‚©ãƒ­ãƒ¼æ“ä½œã§ãã‚‹" type="FAILURE">
<![CDATA[  [chromium] â€º follow.spec.ts:135:7 â€º ãƒ•ã‚©ãƒ­ãƒ¼æ©Ÿèƒ½E2Eãƒ†ã‚¹ãƒˆ â€º èªè¨¼æ¸ˆã¿ãƒ¦ãƒ¼ã‚¶ãƒ¼ãŒãƒ•ã‚©ãƒ­ãƒ¼/ã‚¢ãƒ³ãƒ•ã‚©ãƒ­ãƒ¼æ“ä½œã§ãã‚‹ â”€â”€â”€â”€â”€â”€â”€â”€â”€â”€â”€â”€â”€â”€â”€â”€â”€â”€â”€â”€â”€

    Error: page.evaluate: SecurityError: Failed to read the 'localStorage' property from 'Window': Access is denied for this document.
        at UtilityScript.evaluate (<anonymous>:293:16)
        at UtilityScript.<anonymous> (<anonymous>:1:44)
        at UtilityScript.evaluate (<anonymous>:293:16)
        at UtilityScript.<anonymous> (<anonymous>:1:44)
        at mockLogin (/Users/yoshitaka.yamagishi/Documents/projects/my-board-app/tests/e2e/follow.spec.ts:26:14)
        at /Users/yoshitaka.yamagishi/Documents/projects/my-board-app/tests/e2e/follow.spec.ts:137:11

    attachment #1: screenshot (image/png) â”€â”€â”€â”€â”€â”€â”€â”€â”€â”€â”€â”€â”€â”€â”€â”€â”€â”€â”€â”€â”€â”€â”€â”€â”€â”€â”€â”€â”€â”€â”€â”€â”€â”€â”€â”€â”€â”€â”€â”€â”€â”€â”€â”€â”€â”€â”€â”€â”€â”€â”€â”€â”€â”€â”€â”€â”€â”€
    ../../test-results/follow-ãƒ•ã‚©ãƒ­ãƒ¼æ©Ÿèƒ½E2Eãƒ†ã‚¹ãƒˆ-èªè¨¼æ¸ˆã¿ãƒ¦ãƒ¼ã‚¶ãƒ¼ãŒãƒ•ã‚©ãƒ­ãƒ¼-ã‚¢ãƒ³ãƒ•ã‚©ãƒ­ãƒ¼æ“ä½œã§ãã‚‹-chromium/test-failed-1.png
    â”€â”€â”€â”€â”€â”€â”€â”€â”€â”€â”€â”€â”€â”€â”€â”€â”€â”€â”€â”€â”€â”€â”€â”€â”€â”€â”€â”€â”€â”€â”€â”€â”€â”€â”€â”€â”€â”€â”€â”€â”€â”€â”€â”€â”€â”€â”€â”€â”€â”€â”€â”€â”€â”€â”€â”€â”€â”€â”€â”€â”€â”€â”€â”€â”€â”€â”€â”€â”€â”€â”€â”€â”€â”€â”€â”€â”€â”€â”€â”€â”€â”€â”€â”€â”€â”€â”€â”€â”€â”€â”€â”€â”€â”€â”€â”€

    attachment #2: video (video/webm) â”€â”€â”€â”€â”€â”€â”€â”€â”€â”€â”€â”€â”€â”€â”€â”€â”€â”€â”€â”€â”€â”€â”€â”€â”€â”€â”€â”€â”€â”€â”€â”€â”€â”€â”€â”€â”€â”€â”€â”€â”€â”€â”€â”€â”€â”€â”€â”€â”€â”€â”€â”€â”€â”€â”€â”€â”€â”€â”€â”€â”€â”€
    ../../test-results/follow-ãƒ•ã‚©ãƒ­ãƒ¼æ©Ÿèƒ½E2Eãƒ†ã‚¹ãƒˆ-èªè¨¼æ¸ˆã¿ãƒ¦ãƒ¼ã‚¶ãƒ¼ãŒãƒ•ã‚©ãƒ­ãƒ¼-ã‚¢ãƒ³ãƒ•ã‚©ãƒ­ãƒ¼æ“ä½œã§ãã‚‹-chromium/video.webm
    â”€â”€â”€â”€â”€â”€â”€â”€â”€â”€â”€â”€â”€â”€â”€â”€â”€â”€â”€â”€â”€â”€â”€â”€â”€â”€â”€â”€â”€â”€â”€â”€â”€â”€â”€â”€â”€â”€â”€â”€â”€â”€â”€â”€â”€â”€â”€â”€â”€â”€â”€â”€â”€â”€â”€â”€â”€â”€â”€â”€â”€â”€â”€â”€â”€â”€â”€â”€â”€â”€â”€â”€â”€â”€â”€â”€â”€â”€â”€â”€â”€â”€â”€â”€â”€â”€â”€â”€â”€â”€â”€â”€â”€â”€â”€â”€

    attachment #3: trace (application/zip) â”€â”€â”€â”€â”€â”€â”€â”€â”€â”€â”€â”€â”€â”€â”€â”€â”€â”€â”€â”€â”€â”€â”€â”€â”€â”€â”€â”€â”€â”€â”€â”€â”€â”€â”€â”€â”€â”€â”€â”€â”€â”€â”€â”€â”€â”€â”€â”€â”€â”€â”€â”€â”€â”€â”€â”€â”€
    ../../test-results/follow-ãƒ•ã‚©ãƒ­ãƒ¼æ©Ÿèƒ½E2Eãƒ†ã‚¹ãƒˆ-èªè¨¼æ¸ˆã¿ãƒ¦ãƒ¼ã‚¶ãƒ¼ãŒãƒ•ã‚©ãƒ­ãƒ¼-ã‚¢ãƒ³ãƒ•ã‚©ãƒ­ãƒ¼æ“ä½œã§ãã‚‹-chromium/trace.zip
    Usage:

        npx playwright show-trace ../../test-results/follow-ãƒ•ã‚©ãƒ­ãƒ¼æ©Ÿèƒ½E2Eãƒ†ã‚¹ãƒˆ-èªè¨¼æ¸ˆã¿ãƒ¦ãƒ¼ã‚¶ãƒ¼ãŒãƒ•ã‚©ãƒ­ãƒ¼-ã‚¢ãƒ³ãƒ•ã‚©ãƒ­ãƒ¼æ“ä½œã§ãã‚‹-chromium/trace.zip

    â”€â”€â”€â”€â”€â”€â”€â”€â”€â”€â”€â”€â”€â”€â”€â”€â”€â”€â”€â”€â”€â”€â”€â”€â”€â”€â”€â”€â”€â”€â”€â”€â”€â”€â”€â”€â”€â”€â”€â”€â”€â”€â”€â”€â”€â”€â”€â”€â”€â”€â”€â”€â”€â”€â”€â”€â”€â”€â”€â”€â”€â”€â”€â”€â”€â”€â”€â”€â”€â”€â”€â”€â”€â”€â”€â”€â”€â”€â”€â”€â”€â”€â”€â”€â”€â”€â”€â”€â”€â”€â”€â”€â”€â”€â”€â”€
]]>
</failure>
<system-out>
<![CDATA[
[[ATTACHMENT|test-results/follow-ãƒ•ã‚©ãƒ­ãƒ¼æ©Ÿèƒ½E2Eãƒ†ã‚¹ãƒˆ-èªè¨¼æ¸ˆã¿ãƒ¦ãƒ¼ã‚¶ãƒ¼ãŒãƒ•ã‚©ãƒ­ãƒ¼-ã‚¢ãƒ³ãƒ•ã‚©ãƒ­ãƒ¼æ“ä½œã§ãã‚‹-chromium/test-failed-1.png]]

[[ATTACHMENT|test-results/follow-ãƒ•ã‚©ãƒ­ãƒ¼æ©Ÿèƒ½E2Eãƒ†ã‚¹ãƒˆ-èªè¨¼æ¸ˆã¿ãƒ¦ãƒ¼ã‚¶ãƒ¼ãŒãƒ•ã‚©ãƒ­ãƒ¼-ã‚¢ãƒ³ãƒ•ã‚©ãƒ­ãƒ¼æ“ä½œã§ãã‚‹-chromium/video.webm]]

[[ATTACHMENT|test-results/follow-ãƒ•ã‚©ãƒ­ãƒ¼æ©Ÿèƒ½E2Eãƒ†ã‚¹ãƒˆ-èªè¨¼æ¸ˆã¿ãƒ¦ãƒ¼ã‚¶ãƒ¼ãŒãƒ•ã‚©ãƒ­ãƒ¼-ã‚¢ãƒ³ãƒ•ã‚©ãƒ­ãƒ¼æ“ä½œã§ãã‚‹-chromium/trace.zip]]
]]>
</system-out>
</testcase>
<testcase name="ãƒ•ã‚©ãƒ­ãƒ¼æ©Ÿèƒ½E2Eãƒ†ã‚¹ãƒˆ â€º è¤‡æ•°ã®ãƒ•ã‚©ãƒ­ãƒ¼ãƒœã‚¿ãƒ³ãŒç‹¬ç«‹ã—ã¦å‹•ä½œã™ã‚‹" classname="follow.spec.ts" time="0.213">
<failure message="follow.spec.ts:175:7 è¤‡æ•°ã®ãƒ•ã‚©ãƒ­ãƒ¼ãƒœã‚¿ãƒ³ãŒç‹¬ç«‹ã—ã¦å‹•ä½œã™ã‚‹" type="FAILURE">
<![CDATA[  [chromium] â€º follow.spec.ts:175:7 â€º ãƒ•ã‚©ãƒ­ãƒ¼æ©Ÿèƒ½E2Eãƒ†ã‚¹ãƒˆ â€º è¤‡æ•°ã®ãƒ•ã‚©ãƒ­ãƒ¼ãƒœã‚¿ãƒ³ãŒç‹¬ç«‹ã—ã¦å‹•ä½œã™ã‚‹ â”€â”€â”€â”€â”€â”€â”€â”€â”€â”€â”€â”€â”€â”€â”€â”€â”€â”€â”€â”€â”€â”€â”€â”€â”€â”€â”€

    Error: page.evaluate: SecurityError: Failed to read the 'localStorage' property from 'Window': Access is denied for this document.
        at UtilityScript.evaluate (<anonymous>:293:16)
        at UtilityScript.<anonymous> (<anonymous>:1:44)
        at UtilityScript.evaluate (<anonymous>:293:16)
        at UtilityScript.<anonymous> (<anonymous>:1:44)
        at mockLogin (/Users/yoshitaka.yamagishi/Documents/projects/my-board-app/tests/e2e/follow.spec.ts:26:14)
        at /Users/yoshitaka.yamagishi/Documents/projects/my-board-app/tests/e2e/follow.spec.ts:176:11

    attachment #1: screenshot (image/png) â”€â”€â”€â”€â”€â”€â”€â”€â”€â”€â”€â”€â”€â”€â”€â”€â”€â”€â”€â”€â”€â”€â”€â”€â”€â”€â”€â”€â”€â”€â”€â”€â”€â”€â”€â”€â”€â”€â”€â”€â”€â”€â”€â”€â”€â”€â”€â”€â”€â”€â”€â”€â”€â”€â”€â”€â”€â”€
    ../../test-results/follow-ãƒ•ã‚©ãƒ­ãƒ¼æ©Ÿèƒ½E2Eãƒ†ã‚¹ãƒˆ-è¤‡æ•°ã®ãƒ•ã‚©ãƒ­ãƒ¼ãƒœã‚¿ãƒ³ãŒç‹¬ç«‹ã—ã¦å‹•ä½œã™ã‚‹-chromium/test-failed-1.png
    â”€â”€â”€â”€â”€â”€â”€â”€â”€â”€â”€â”€â”€â”€â”€â”€â”€â”€â”€â”€â”€â”€â”€â”€â”€â”€â”€â”€â”€â”€â”€â”€â”€â”€â”€â”€â”€â”€â”€â”€â”€â”€â”€â”€â”€â”€â”€â”€â”€â”€â”€â”€â”€â”€â”€â”€â”€â”€â”€â”€â”€â”€â”€â”€â”€â”€â”€â”€â”€â”€â”€â”€â”€â”€â”€â”€â”€â”€â”€â”€â”€â”€â”€â”€â”€â”€â”€â”€â”€â”€â”€â”€â”€â”€â”€â”€

    attachment #2: video (video/webm) â”€â”€â”€â”€â”€â”€â”€â”€â”€â”€â”€â”€â”€â”€â”€â”€â”€â”€â”€â”€â”€â”€â”€â”€â”€â”€â”€â”€â”€â”€â”€â”€â”€â”€â”€â”€â”€â”€â”€â”€â”€â”€â”€â”€â”€â”€â”€â”€â”€â”€â”€â”€â”€â”€â”€â”€â”€â”€â”€â”€â”€â”€
    ../../test-results/follow-ãƒ•ã‚©ãƒ­ãƒ¼æ©Ÿèƒ½E2Eãƒ†ã‚¹ãƒˆ-è¤‡æ•°ã®ãƒ•ã‚©ãƒ­ãƒ¼ãƒœã‚¿ãƒ³ãŒç‹¬ç«‹ã—ã¦å‹•ä½œã™ã‚‹-chromium/video.webm
    â”€â”€â”€â”€â”€â”€â”€â”€â”€â”€â”€â”€â”€â”€â”€â”€â”€â”€â”€â”€â”€â”€â”€â”€â”€â”€â”€â”€â”€â”€â”€â”€â”€â”€â”€â”€â”€â”€â”€â”€â”€â”€â”€â”€â”€â”€â”€â”€â”€â”€â”€â”€â”€â”€â”€â”€â”€â”€â”€â”€â”€â”€â”€â”€â”€â”€â”€â”€â”€â”€â”€â”€â”€â”€â”€â”€â”€â”€â”€â”€â”€â”€â”€â”€â”€â”€â”€â”€â”€â”€â”€â”€â”€â”€â”€â”€

    attachment #3: trace (application/zip) â”€â”€â”€â”€â”€â”€â”€â”€â”€â”€â”€â”€â”€â”€â”€â”€â”€â”€â”€â”€â”€â”€â”€â”€â”€â”€â”€â”€â”€â”€â”€â”€â”€â”€â”€â”€â”€â”€â”€â”€â”€â”€â”€â”€â”€â”€â”€â”€â”€â”€â”€â”€â”€â”€â”€â”€â”€
    ../../test-results/follow-ãƒ•ã‚©ãƒ­ãƒ¼æ©Ÿèƒ½E2Eãƒ†ã‚¹ãƒˆ-è¤‡æ•°ã®ãƒ•ã‚©ãƒ­ãƒ¼ãƒœã‚¿ãƒ³ãŒç‹¬ç«‹ã—ã¦å‹•ä½œã™ã‚‹-chromium/trace.zip
    Usage:

        npx playwright show-trace ../../test-results/follow-ãƒ•ã‚©ãƒ­ãƒ¼æ©Ÿèƒ½E2Eãƒ†ã‚¹ãƒˆ-è¤‡æ•°ã®ãƒ•ã‚©ãƒ­ãƒ¼ãƒœã‚¿ãƒ³ãŒç‹¬ç«‹ã—ã¦å‹•ä½œã™ã‚‹-chromium/trace.zip

    â”€â”€â”€â”€â”€â”€â”€â”€â”€â”€â”€â”€â”€â”€â”€â”€â”€â”€â”€â”€â”€â”€â”€â”€â”€â”€â”€â”€â”€â”€â”€â”€â”€â”€â”€â”€â”€â”€â”€â”€â”€â”€â”€â”€â”€â”€â”€â”€â”€â”€â”€â”€â”€â”€â”€â”€â”€â”€â”€â”€â”€â”€â”€â”€â”€â”€â”€â”€â”€â”€â”€â”€â”€â”€â”€â”€â”€â”€â”€â”€â”€â”€â”€â”€â”€â”€â”€â”€â”€â”€â”€â”€â”€â”€â”€â”€
]]>
</failure>
<system-out>
<![CDATA[
[[ATTACHMENT|test-results/follow-ãƒ•ã‚©ãƒ­ãƒ¼æ©Ÿèƒ½E2Eãƒ†ã‚¹ãƒˆ-è¤‡æ•°ã®ãƒ•ã‚©ãƒ­ãƒ¼ãƒœã‚¿ãƒ³ãŒç‹¬ç«‹ã—ã¦å‹•ä½œã™ã‚‹-chromium/test-failed-1.png]]

[[ATTACHMENT|test-results/follow-ãƒ•ã‚©ãƒ­ãƒ¼æ©Ÿèƒ½E2Eãƒ†ã‚¹ãƒˆ-è¤‡æ•°ã®ãƒ•ã‚©ãƒ­ãƒ¼ãƒœã‚¿ãƒ³ãŒç‹¬ç«‹ã—ã¦å‹•ä½œã™ã‚‹-chromium/video.webm]]

[[ATTACHMENT|test-results/follow-ãƒ•ã‚©ãƒ­ãƒ¼æ©Ÿèƒ½E2Eãƒ†ã‚¹ãƒˆ-è¤‡æ•°ã®ãƒ•ã‚©ãƒ­ãƒ¼ãƒœã‚¿ãƒ³ãŒç‹¬ç«‹ã—ã¦å‹•ä½œã™ã‚‹-chromium/trace.zip]]
]]>
</system-out>
</testcase>
<testcase name="ãƒ•ã‚©ãƒ­ãƒ¼æ©Ÿèƒ½E2Eãƒ†ã‚¹ãƒˆ â€º ãƒãƒƒãƒˆãƒ¯ãƒ¼ã‚¯ã‚¨ãƒ©ãƒ¼æ™‚ã®ã‚¨ãƒ©ãƒ¼ãƒãƒ³ãƒ‰ãƒªãƒ³ã‚°" classname="follow.spec.ts" time="0.244">
<failure message="follow.spec.ts:204:7 ãƒãƒƒãƒˆãƒ¯ãƒ¼ã‚¯ã‚¨ãƒ©ãƒ¼æ™‚ã®ã‚¨ãƒ©ãƒ¼ãƒãƒ³ãƒ‰ãƒªãƒ³ã‚°" type="FAILURE">
<![CDATA[  [chromium] â€º follow.spec.ts:204:7 â€º ãƒ•ã‚©ãƒ­ãƒ¼æ©Ÿèƒ½E2Eãƒ†ã‚¹ãƒˆ â€º ãƒãƒƒãƒˆãƒ¯ãƒ¼ã‚¯ã‚¨ãƒ©ãƒ¼æ™‚ã®ã‚¨ãƒ©ãƒ¼ãƒãƒ³ãƒ‰ãƒªãƒ³ã‚° â”€â”€â”€â”€â”€â”€â”€â”€â”€â”€â”€â”€â”€â”€â”€â”€â”€â”€â”€â”€â”€â”€â”€â”€â”€â”€

    Error: page.evaluate: SecurityError: Failed to read the 'localStorage' property from 'Window': Access is denied for this document.
        at UtilityScript.evaluate (<anonymous>:293:16)
        at UtilityScript.<anonymous> (<anonymous>:1:44)
        at UtilityScript.evaluate (<anonymous>:293:16)
        at UtilityScript.<anonymous> (<anonymous>:1:44)
        at mockLogin (/Users/yoshitaka.yamagishi/Documents/projects/my-board-app/tests/e2e/follow.spec.ts:26:14)
        at /Users/yoshitaka.yamagishi/Documents/projects/my-board-app/tests/e2e/follow.spec.ts:205:11

    attachment #1: screenshot (image/png) â”€â”€â”€â”€â”€â”€â”€â”€â”€â”€â”€â”€â”€â”€â”€â”€â”€â”€â”€â”€â”€â”€â”€â”€â”€â”€â”€â”€â”€â”€â”€â”€â”€â”€â”€â”€â”€â”€â”€â”€â”€â”€â”€â”€â”€â”€â”€â”€â”€â”€â”€â”€â”€â”€â”€â”€â”€â”€
    ../../test-results/follow-ãƒ•ã‚©ãƒ­ãƒ¼æ©Ÿèƒ½E2Eãƒ†ã‚¹ãƒˆ-ãƒãƒƒãƒˆãƒ¯ãƒ¼ã‚¯ã‚¨ãƒ©ãƒ¼æ™‚ã®ã‚¨ãƒ©ãƒ¼ãƒãƒ³ãƒ‰ãƒªãƒ³ã‚°-chromium/test-failed-1.png
    â”€â”€â”€â”€â”€â”€â”€â”€â”€â”€â”€â”€â”€â”€â”€â”€â”€â”€â”€â”€â”€â”€â”€â”€â”€â”€â”€â”€â”€â”€â”€â”€â”€â”€â”€â”€â”€â”€â”€â”€â”€â”€â”€â”€â”€â”€â”€â”€â”€â”€â”€â”€â”€â”€â”€â”€â”€â”€â”€â”€â”€â”€â”€â”€â”€â”€â”€â”€â”€â”€â”€â”€â”€â”€â”€â”€â”€â”€â”€â”€â”€â”€â”€â”€â”€â”€â”€â”€â”€â”€â”€â”€â”€â”€â”€â”€

    attachment #2: video (video/webm) â”€â”€â”€â”€â”€â”€â”€â”€â”€â”€â”€â”€â”€â”€â”€â”€â”€â”€â”€â”€â”€â”€â”€â”€â”€â”€â”€â”€â”€â”€â”€â”€â”€â”€â”€â”€â”€â”€â”€â”€â”€â”€â”€â”€â”€â”€â”€â”€â”€â”€â”€â”€â”€â”€â”€â”€â”€â”€â”€â”€â”€â”€
    ../../test-results/follow-ãƒ•ã‚©ãƒ­ãƒ¼æ©Ÿèƒ½E2Eãƒ†ã‚¹ãƒˆ-ãƒãƒƒãƒˆãƒ¯ãƒ¼ã‚¯ã‚¨ãƒ©ãƒ¼æ™‚ã®ã‚¨ãƒ©ãƒ¼ãƒãƒ³ãƒ‰ãƒªãƒ³ã‚°-chromium/video.webm
    â”€â”€â”€â”€â”€â”€â”€â”€â”€â”€â”€â”€â”€â”€â”€â”€â”€â”€â”€â”€â”€â”€â”€â”€â”€â”€â”€â”€â”€â”€â”€â”€â”€â”€â”€â”€â”€â”€â”€â”€â”€â”€â”€â”€â”€â”€â”€â”€â”€â”€â”€â”€â”€â”€â”€â”€â”€â”€â”€â”€â”€â”€â”€â”€â”€â”€â”€â”€â”€â”€â”€â”€â”€â”€â”€â”€â”€â”€â”€â”€â”€â”€â”€â”€â”€â”€â”€â”€â”€â”€â”€â”€â”€â”€â”€â”€

    attachment #3: trace (application/zip) â”€â”€â”€â”€â”€â”€â”€â”€â”€â”€â”€â”€â”€â”€â”€â”€â”€â”€â”€â”€â”€â”€â”€â”€â”€â”€â”€â”€â”€â”€â”€â”€â”€â”€â”€â”€â”€â”€â”€â”€â”€â”€â”€â”€â”€â”€â”€â”€â”€â”€â”€â”€â”€â”€â”€â”€â”€
    ../../test-results/follow-ãƒ•ã‚©ãƒ­ãƒ¼æ©Ÿèƒ½E2Eãƒ†ã‚¹ãƒˆ-ãƒãƒƒãƒˆãƒ¯ãƒ¼ã‚¯ã‚¨ãƒ©ãƒ¼æ™‚ã®ã‚¨ãƒ©ãƒ¼ãƒãƒ³ãƒ‰ãƒªãƒ³ã‚°-chromium/trace.zip
    Usage:

        npx playwright show-trace ../../test-results/follow-ãƒ•ã‚©ãƒ­ãƒ¼æ©Ÿèƒ½E2Eãƒ†ã‚¹ãƒˆ-ãƒãƒƒãƒˆãƒ¯ãƒ¼ã‚¯ã‚¨ãƒ©ãƒ¼æ™‚ã®ã‚¨ãƒ©ãƒ¼ãƒãƒ³ãƒ‰ãƒªãƒ³ã‚°-chromium/trace.zip

    â”€â”€â”€â”€â”€â”€â”€â”€â”€â”€â”€â”€â”€â”€â”€â”€â”€â”€â”€â”€â”€â”€â”€â”€â”€â”€â”€â”€â”€â”€â”€â”€â”€â”€â”€â”€â”€â”€â”€â”€â”€â”€â”€â”€â”€â”€â”€â”€â”€â”€â”€â”€â”€â”€â”€â”€â”€â”€â”€â”€â”€â”€â”€â”€â”€â”€â”€â”€â”€â”€â”€â”€â”€â”€â”€â”€â”€â”€â”€â”€â”€â”€â”€â”€â”€â”€â”€â”€â”€â”€â”€â”€â”€â”€â”€â”€
]]>
</failure>
<system-out>
<![CDATA[
[[ATTACHMENT|test-results/follow-ãƒ•ã‚©ãƒ­ãƒ¼æ©Ÿèƒ½E2Eãƒ†ã‚¹ãƒˆ-ãƒãƒƒãƒˆãƒ¯ãƒ¼ã‚¯ã‚¨ãƒ©ãƒ¼æ™‚ã®ã‚¨ãƒ©ãƒ¼ãƒãƒ³ãƒ‰ãƒªãƒ³ã‚°-chromium/test-failed-1.png]]

[[ATTACHMENT|test-results/follow-ãƒ•ã‚©ãƒ­ãƒ¼æ©Ÿèƒ½E2Eãƒ†ã‚¹ãƒˆ-ãƒãƒƒãƒˆãƒ¯ãƒ¼ã‚¯ã‚¨ãƒ©ãƒ¼æ™‚ã®ã‚¨ãƒ©ãƒ¼ãƒãƒ³ãƒ‰ãƒªãƒ³ã‚°-chromium/video.webm]]

[[ATTACHMENT|test-results/follow-ãƒ•ã‚©ãƒ­ãƒ¼æ©Ÿèƒ½E2Eãƒ†ã‚¹ãƒˆ-ãƒãƒƒãƒˆãƒ¯ãƒ¼ã‚¯ã‚¨ãƒ©ãƒ¼æ™‚ã®ã‚¨ãƒ©ãƒ¼ãƒãƒ³ãƒ‰ãƒªãƒ³ã‚°-chromium/trace.zip]]
]]>
</system-out>
</testcase>
<testcase name="ãƒ•ã‚©ãƒ­ãƒ¼æ©Ÿèƒ½E2Eãƒ†ã‚¹ãƒˆ â€º ãƒšãƒ¼ã‚¸ãƒªãƒ­ãƒ¼ãƒ‰å¾Œã‚‚ãƒ•ã‚©ãƒ­ãƒ¼çŠ¶æ…‹ãŒç¶­æŒã•ã‚Œã‚‹" classname="follow.spec.ts" time="0.246">
<failure message="follow.spec.ts:240:7 ãƒšãƒ¼ã‚¸ãƒªãƒ­ãƒ¼ãƒ‰å¾Œã‚‚ãƒ•ã‚©ãƒ­ãƒ¼çŠ¶æ…‹ãŒç¶­æŒã•ã‚Œã‚‹" type="FAILURE">
<![CDATA[  [chromium] â€º follow.spec.ts:240:7 â€º ãƒ•ã‚©ãƒ­ãƒ¼æ©Ÿèƒ½E2Eãƒ†ã‚¹ãƒˆ â€º ãƒšãƒ¼ã‚¸ãƒªãƒ­ãƒ¼ãƒ‰å¾Œã‚‚ãƒ•ã‚©ãƒ­ãƒ¼çŠ¶æ…‹ãŒç¶­æŒã•ã‚Œã‚‹ â”€â”€â”€â”€â”€â”€â”€â”€â”€â”€â”€â”€â”€â”€â”€â”€â”€â”€â”€â”€â”€â”€â”€â”€â”€

    Error: page.evaluate: SecurityError: Failed to read the 'localStorage' property from 'Window': Access is denied for this document.
        at UtilityScript.evaluate (<anonymous>:293:16)
        at UtilityScript.<anonymous> (<anonymous>:1:44)
        at UtilityScript.evaluate (<anonymous>:293:16)
        at UtilityScript.<anonymous> (<anonymous>:1:44)
        at mockLogin (/Users/yoshitaka.yamagishi/Documents/projects/my-board-app/tests/e2e/follow.spec.ts:26:14)
        at /Users/yoshitaka.yamagishi/Documents/projects/my-board-app/tests/e2e/follow.spec.ts:241:11

    attachment #1: screenshot (image/png) â”€â”€â”€â”€â”€â”€â”€â”€â”€â”€â”€â”€â”€â”€â”€â”€â”€â”€â”€â”€â”€â”€â”€â”€â”€â”€â”€â”€â”€â”€â”€â”€â”€â”€â”€â”€â”€â”€â”€â”€â”€â”€â”€â”€â”€â”€â”€â”€â”€â”€â”€â”€â”€â”€â”€â”€â”€â”€
    ../../test-results/follow-ãƒ•ã‚©ãƒ­ãƒ¼æ©Ÿèƒ½E2Eãƒ†ã‚¹ãƒˆ-ãƒšãƒ¼ã‚¸ãƒªãƒ­ãƒ¼ãƒ‰å¾Œã‚‚ãƒ•ã‚©ãƒ­ãƒ¼çŠ¶æ…‹ãŒç¶­æŒã•ã‚Œã‚‹-chromium/test-failed-1.png
    â”€â”€â”€â”€â”€â”€â”€â”€â”€â”€â”€â”€â”€â”€â”€â”€â”€â”€â”€â”€â”€â”€â”€â”€â”€â”€â”€â”€â”€â”€â”€â”€â”€â”€â”€â”€â”€â”€â”€â”€â”€â”€â”€â”€â”€â”€â”€â”€â”€â”€â”€â”€â”€â”€â”€â”€â”€â”€â”€â”€â”€â”€â”€â”€â”€â”€â”€â”€â”€â”€â”€â”€â”€â”€â”€â”€â”€â”€â”€â”€â”€â”€â”€â”€â”€â”€â”€â”€â”€â”€â”€â”€â”€â”€â”€â”€

    attachment #2: video (video/webm) â”€â”€â”€â”€â”€â”€â”€â”€â”€â”€â”€â”€â”€â”€â”€â”€â”€â”€â”€â”€â”€â”€â”€â”€â”€â”€â”€â”€â”€â”€â”€â”€â”€â”€â”€â”€â”€â”€â”€â”€â”€â”€â”€â”€â”€â”€â”€â”€â”€â”€â”€â”€â”€â”€â”€â”€â”€â”€â”€â”€â”€â”€
    ../../test-results/follow-ãƒ•ã‚©ãƒ­ãƒ¼æ©Ÿèƒ½E2Eãƒ†ã‚¹ãƒˆ-ãƒšãƒ¼ã‚¸ãƒªãƒ­ãƒ¼ãƒ‰å¾Œã‚‚ãƒ•ã‚©ãƒ­ãƒ¼çŠ¶æ…‹ãŒç¶­æŒã•ã‚Œã‚‹-chromium/video.webm
    â”€â”€â”€â”€â”€â”€â”€â”€â”€â”€â”€â”€â”€â”€â”€â”€â”€â”€â”€â”€â”€â”€â”€â”€â”€â”€â”€â”€â”€â”€â”€â”€â”€â”€â”€â”€â”€â”€â”€â”€â”€â”€â”€â”€â”€â”€â”€â”€â”€â”€â”€â”€â”€â”€â”€â”€â”€â”€â”€â”€â”€â”€â”€â”€â”€â”€â”€â”€â”€â”€â”€â”€â”€â”€â”€â”€â”€â”€â”€â”€â”€â”€â”€â”€â”€â”€â”€â”€â”€â”€â”€â”€â”€â”€â”€â”€

    attachment #3: trace (application/zip) â”€â”€â”€â”€â”€â”€â”€â”€â”€â”€â”€â”€â”€â”€â”€â”€â”€â”€â”€â”€â”€â”€â”€â”€â”€â”€â”€â”€â”€â”€â”€â”€â”€â”€â”€â”€â”€â”€â”€â”€â”€â”€â”€â”€â”€â”€â”€â”€â”€â”€â”€â”€â”€â”€â”€â”€â”€
    ../../test-results/follow-ãƒ•ã‚©ãƒ­ãƒ¼æ©Ÿèƒ½E2Eãƒ†ã‚¹ãƒˆ-ãƒšãƒ¼ã‚¸ãƒªãƒ­ãƒ¼ãƒ‰å¾Œã‚‚ãƒ•ã‚©ãƒ­ãƒ¼çŠ¶æ…‹ãŒç¶­æŒã•ã‚Œã‚‹-chromium/trace.zip
    Usage:

        npx playwright show-trace ../../test-results/follow-ãƒ•ã‚©ãƒ­ãƒ¼æ©Ÿèƒ½E2Eãƒ†ã‚¹ãƒˆ-ãƒšãƒ¼ã‚¸ãƒªãƒ­ãƒ¼ãƒ‰å¾Œã‚‚ãƒ•ã‚©ãƒ­ãƒ¼çŠ¶æ…‹ãŒç¶­æŒã•ã‚Œã‚‹-chromium/trace.zip

    â”€â”€â”€â”€â”€â”€â”€â”€â”€â”€â”€â”€â”€â”€â”€â”€â”€â”€â”€â”€â”€â”€â”€â”€â”€â”€â”€â”€â”€â”€â”€â”€â”€â”€â”€â”€â”€â”€â”€â”€â”€â”€â”€â”€â”€â”€â”€â”€â”€â”€â”€â”€â”€â”€â”€â”€â”€â”€â”€â”€â”€â”€â”€â”€â”€â”€â”€â”€â”€â”€â”€â”€â”€â”€â”€â”€â”€â”€â”€â”€â”€â”€â”€â”€â”€â”€â”€â”€â”€â”€â”€â”€â”€â”€â”€â”€
]]>
</failure>
<system-out>
<![CDATA[
[[ATTACHMENT|test-results/follow-ãƒ•ã‚©ãƒ­ãƒ¼æ©Ÿèƒ½E2Eãƒ†ã‚¹ãƒˆ-ãƒšãƒ¼ã‚¸ãƒªãƒ­ãƒ¼ãƒ‰å¾Œã‚‚ãƒ•ã‚©ãƒ­ãƒ¼çŠ¶æ…‹ãŒç¶­æŒã•ã‚Œã‚‹-chromium/test-failed-1.png]]

[[ATTACHMENT|test-results/follow-ãƒ•ã‚©ãƒ­ãƒ¼æ©Ÿèƒ½E2Eãƒ†ã‚¹ãƒˆ-ãƒšãƒ¼ã‚¸ãƒªãƒ­ãƒ¼ãƒ‰å¾Œã‚‚ãƒ•ã‚©ãƒ­ãƒ¼çŠ¶æ…‹ãŒç¶­æŒã•ã‚Œã‚‹-chromium/video.webm]]

[[ATTACHMENT|test-results/follow-ãƒ•ã‚©ãƒ­ãƒ¼æ©Ÿèƒ½E2Eãƒ†ã‚¹ãƒˆ-ãƒšãƒ¼ã‚¸ãƒªãƒ­ãƒ¼ãƒ‰å¾Œã‚‚ãƒ•ã‚©ãƒ­ãƒ¼çŠ¶æ…‹ãŒç¶­æŒã•ã‚Œã‚‹-chromium/trace.zip]]
]]>
</system-out>
</testcase>
<testcase name="ãƒ‘ãƒ•ã‚©ãƒ¼ãƒãƒ³ã‚¹ãƒ†ã‚¹ãƒˆ â€º ãƒ•ã‚©ãƒ­ãƒ¼ãƒœã‚¿ãƒ³ã®å¿œç­”æ€§èƒ½" classname="follow.spec.ts" time="0.175">
<failure message="follow.spec.ts:294:7 ãƒ•ã‚©ãƒ­ãƒ¼ãƒœã‚¿ãƒ³ã®å¿œç­”æ€§èƒ½" type="FAILURE">
<![CDATA[  [chromium] â€º follow.spec.ts:294:7 â€º ãƒ‘ãƒ•ã‚©ãƒ¼ãƒãƒ³ã‚¹ãƒ†ã‚¹ãƒˆ â€º ãƒ•ã‚©ãƒ­ãƒ¼ãƒœã‚¿ãƒ³ã®å¿œç­”æ€§èƒ½ â”€â”€â”€â”€â”€â”€â”€â”€â”€â”€â”€â”€â”€â”€â”€â”€â”€â”€â”€â”€â”€â”€â”€â”€â”€â”€â”€â”€â”€â”€â”€â”€â”€â”€â”€â”€

    Error: page.evaluate: SecurityError: Failed to read the 'localStorage' property from 'Window': Access is denied for this document.
        at UtilityScript.evaluate (<anonymous>:293:16)
        at UtilityScript.<anonymous> (<anonymous>:1:44)
        at UtilityScript.evaluate (<anonymous>:293:16)
        at UtilityScript.<anonymous> (<anonymous>:1:44)
        at mockLogin (/Users/yoshitaka.yamagishi/Documents/projects/my-board-app/tests/e2e/follow.spec.ts:26:14)
        at /Users/yoshitaka.yamagishi/Documents/projects/my-board-app/tests/e2e/follow.spec.ts:295:11

    attachment #1: screenshot (image/png) â”€â”€â”€â”€â”€â”€â”€â”€â”€â”€â”€â”€â”€â”€â”€â”€â”€â”€â”€â”€â”€â”€â”€â”€â”€â”€â”€â”€â”€â”€â”€â”€â”€â”€â”€â”€â”€â”€â”€â”€â”€â”€â”€â”€â”€â”€â”€â”€â”€â”€â”€â”€â”€â”€â”€â”€â”€â”€
    ../../test-results/follow-ãƒ‘ãƒ•ã‚©ãƒ¼ãƒãƒ³ã‚¹ãƒ†ã‚¹ãƒˆ-ãƒ•ã‚©ãƒ­ãƒ¼ãƒœã‚¿ãƒ³ã®å¿œç­”æ€§èƒ½-chromium/test-failed-1.png
    â”€â”€â”€â”€â”€â”€â”€â”€â”€â”€â”€â”€â”€â”€â”€â”€â”€â”€â”€â”€â”€â”€â”€â”€â”€â”€â”€â”€â”€â”€â”€â”€â”€â”€â”€â”€â”€â”€â”€â”€â”€â”€â”€â”€â”€â”€â”€â”€â”€â”€â”€â”€â”€â”€â”€â”€â”€â”€â”€â”€â”€â”€â”€â”€â”€â”€â”€â”€â”€â”€â”€â”€â”€â”€â”€â”€â”€â”€â”€â”€â”€â”€â”€â”€â”€â”€â”€â”€â”€â”€â”€â”€â”€â”€â”€â”€

    attachment #2: video (video/webm) â”€â”€â”€â”€â”€â”€â”€â”€â”€â”€â”€â”€â”€â”€â”€â”€â”€â”€â”€â”€â”€â”€â”€â”€â”€â”€â”€â”€â”€â”€â”€â”€â”€â”€â”€â”€â”€â”€â”€â”€â”€â”€â”€â”€â”€â”€â”€â”€â”€â”€â”€â”€â”€â”€â”€â”€â”€â”€â”€â”€â”€â”€
    ../../test-results/follow-ãƒ‘ãƒ•ã‚©ãƒ¼ãƒãƒ³ã‚¹ãƒ†ã‚¹ãƒˆ-ãƒ•ã‚©ãƒ­ãƒ¼ãƒœã‚¿ãƒ³ã®å¿œç­”æ€§èƒ½-chromium/video.webm
    â”€â”€â”€â”€â”€â”€â”€â”€â”€â”€â”€â”€â”€â”€â”€â”€â”€â”€â”€â”€â”€â”€â”€â”€â”€â”€â”€â”€â”€â”€â”€â”€â”€â”€â”€â”€â”€â”€â”€â”€â”€â”€â”€â”€â”€â”€â”€â”€â”€â”€â”€â”€â”€â”€â”€â”€â”€â”€â”€â”€â”€â”€â”€â”€â”€â”€â”€â”€â”€â”€â”€â”€â”€â”€â”€â”€â”€â”€â”€â”€â”€â”€â”€â”€â”€â”€â”€â”€â”€â”€â”€â”€â”€â”€â”€â”€

    attachment #3: trace (application/zip) â”€â”€â”€â”€â”€â”€â”€â”€â”€â”€â”€â”€â”€â”€â”€â”€â”€â”€â”€â”€â”€â”€â”€â”€â”€â”€â”€â”€â”€â”€â”€â”€â”€â”€â”€â”€â”€â”€â”€â”€â”€â”€â”€â”€â”€â”€â”€â”€â”€â”€â”€â”€â”€â”€â”€â”€â”€
    ../../test-results/follow-ãƒ‘ãƒ•ã‚©ãƒ¼ãƒãƒ³ã‚¹ãƒ†ã‚¹ãƒˆ-ãƒ•ã‚©ãƒ­ãƒ¼ãƒœã‚¿ãƒ³ã®å¿œç­”æ€§èƒ½-chromium/trace.zip
    Usage:

        npx playwright show-trace ../../test-results/follow-ãƒ‘ãƒ•ã‚©ãƒ¼ãƒãƒ³ã‚¹ãƒ†ã‚¹ãƒˆ-ãƒ•ã‚©ãƒ­ãƒ¼ãƒœã‚¿ãƒ³ã®å¿œç­”æ€§èƒ½-chromium/trace.zip

    â”€â”€â”€â”€â”€â”€â”€â”€â”€â”€â”€â”€â”€â”€â”€â”€â”€â”€â”€â”€â”€â”€â”€â”€â”€â”€â”€â”€â”€â”€â”€â”€â”€â”€â”€â”€â”€â”€â”€â”€â”€â”€â”€â”€â”€â”€â”€â”€â”€â”€â”€â”€â”€â”€â”€â”€â”€â”€â”€â”€â”€â”€â”€â”€â”€â”€â”€â”€â”€â”€â”€â”€â”€â”€â”€â”€â”€â”€â”€â”€â”€â”€â”€â”€â”€â”€â”€â”€â”€â”€â”€â”€â”€â”€â”€â”€
]]>
</failure>
<system-out>
<![CDATA[
[[ATTACHMENT|test-results/follow-ãƒ‘ãƒ•ã‚©ãƒ¼ãƒãƒ³ã‚¹ãƒ†ã‚¹ãƒˆ-ãƒ•ã‚©ãƒ­ãƒ¼ãƒœã‚¿ãƒ³ã®å¿œç­”æ€§èƒ½-chromium/test-failed-1.png]]

[[ATTACHMENT|test-results/follow-ãƒ‘ãƒ•ã‚©ãƒ¼ãƒãƒ³ã‚¹ãƒ†ã‚¹ãƒˆ-ãƒ•ã‚©ãƒ­ãƒ¼ãƒœã‚¿ãƒ³ã®å¿œç­”æ€§èƒ½-chromium/video.webm]]

[[ATTACHMENT|test-results/follow-ãƒ‘ãƒ•ã‚©ãƒ¼ãƒãƒ³ã‚¹ãƒ†ã‚¹ãƒˆ-ãƒ•ã‚©ãƒ­ãƒ¼ãƒœã‚¿ãƒ³ã®å¿œç­”æ€§èƒ½-chromium/trace.zip]]
]]>
</system-out>
</testcase>
<testcase name="ã‚¢ã‚¯ã‚»ã‚·ãƒ“ãƒªãƒ†ã‚£ãƒ†ã‚¹ãƒˆ â€º ãƒ•ã‚©ãƒ­ãƒ¼ãƒœã‚¿ãƒ³ã®aria-labelç¢ºèª" classname="follow.spec.ts" time="11.036">
<failure message="follow.spec.ts:329:7 ãƒ•ã‚©ãƒ­ãƒ¼ãƒœã‚¿ãƒ³ã®aria-labelç¢ºèª" type="FAILURE">
<![CDATA[  [chromium] â€º follow.spec.ts:329:7 â€º ã‚¢ã‚¯ã‚»ã‚·ãƒ“ãƒªãƒ†ã‚£ãƒ†ã‚¹ãƒˆ â€º ãƒ•ã‚©ãƒ­ãƒ¼ãƒœã‚¿ãƒ³ã®aria-labelç¢ºèª â”€â”€â”€â”€â”€â”€â”€â”€â”€â”€â”€â”€â”€â”€â”€â”€â”€â”€â”€â”€â”€â”€â”€â”€â”€â”€â”€

    Error: expect(locator).toBeVisible() failed

    Locator:  locator('button[data-testid="follow-button"]').first()
    Expected: visible
    Received: <element(s) not found>
    Timeout:  10000ms

    Call log:
      - Expect "toBeVisible" with timeout 10000ms
      - waiting for locator('button[data-testid="follow-button"]').first()


      331 |     
      332 |     const followButton = page.locator('button[data-testid="follow-button"]').first();
    > 333 |     await expect(followButton).toBeVisible({ timeout: 10000 });
          |                                ^
      334 |     
      335 |     // aria-labelã®ç¢ºèª
      336 |     const ariaLabel = await followButton.getAttribute('aria-label');
        at /Users/yoshitaka.yamagishi/Documents/projects/my-board-app/tests/e2e/follow.spec.ts:333:32

    attachment #1: screenshot (image/png) â”€â”€â”€â”€â”€â”€â”€â”€â”€â”€â”€â”€â”€â”€â”€â”€â”€â”€â”€â”€â”€â”€â”€â”€â”€â”€â”€â”€â”€â”€â”€â”€â”€â”€â”€â”€â”€â”€â”€â”€â”€â”€â”€â”€â”€â”€â”€â”€â”€â”€â”€â”€â”€â”€â”€â”€â”€â”€
    ../../test-results/follow-ã‚¢ã‚¯ã‚»ã‚·ãƒ“ãƒªãƒ†ã‚£ãƒ†ã‚¹ãƒˆ-ãƒ•ã‚©ãƒ­ãƒ¼ãƒœã‚¿ãƒ³ã®aria-labelç¢ºèª-chromium/test-failed-1.png
    â”€â”€â”€â”€â”€â”€â”€â”€â”€â”€â”€â”€â”€â”€â”€â”€â”€â”€â”€â”€â”€â”€â”€â”€â”€â”€â”€â”€â”€â”€â”€â”€â”€â”€â”€â”€â”€â”€â”€â”€â”€â”€â”€â”€â”€â”€â”€â”€â”€â”€â”€â”€â”€â”€â”€â”€â”€â”€â”€â”€â”€â”€â”€â”€â”€â”€â”€â”€â”€â”€â”€â”€â”€â”€â”€â”€â”€â”€â”€â”€â”€â”€â”€â”€â”€â”€â”€â”€â”€â”€â”€â”€â”€â”€â”€â”€

    attachment #2: video (video/webm) â”€â”€â”€â”€â”€â”€â”€â”€â”€â”€â”€â”€â”€â”€â”€â”€â”€â”€â”€â”€â”€â”€â”€â”€â”€â”€â”€â”€â”€â”€â”€â”€â”€â”€â”€â”€â”€â”€â”€â”€â”€â”€â”€â”€â”€â”€â”€â”€â”€â”€â”€â”€â”€â”€â”€â”€â”€â”€â”€â”€â”€â”€
    ../../test-results/follow-ã‚¢ã‚¯ã‚»ã‚·ãƒ“ãƒªãƒ†ã‚£ãƒ†ã‚¹ãƒˆ-ãƒ•ã‚©ãƒ­ãƒ¼ãƒœã‚¿ãƒ³ã®aria-labelç¢ºèª-chromium/video.webm
    â”€â”€â”€â”€â”€â”€â”€â”€â”€â”€â”€â”€â”€â”€â”€â”€â”€â”€â”€â”€â”€â”€â”€â”€â”€â”€â”€â”€â”€â”€â”€â”€â”€â”€â”€â”€â”€â”€â”€â”€â”€â”€â”€â”€â”€â”€â”€â”€â”€â”€â”€â”€â”€â”€â”€â”€â”€â”€â”€â”€â”€â”€â”€â”€â”€â”€â”€â”€â”€â”€â”€â”€â”€â”€â”€â”€â”€â”€â”€â”€â”€â”€â”€â”€â”€â”€â”€â”€â”€â”€â”€â”€â”€â”€â”€â”€

    Error Context: ../../test-results/follow-ã‚¢ã‚¯ã‚»ã‚·ãƒ“ãƒªãƒ†ã‚£ãƒ†ã‚¹ãƒˆ-ãƒ•ã‚©ãƒ­ãƒ¼ãƒœã‚¿ãƒ³ã®aria-labelç¢ºèª-chromium/error-context.md

    attachment #4: trace (application/zip) â”€â”€â”€â”€â”€â”€â”€â”€â”€â”€â”€â”€â”€â”€â”€â”€â”€â”€â”€â”€â”€â”€â”€â”€â”€â”€â”€â”€â”€â”€â”€â”€â”€â”€â”€â”€â”€â”€â”€â”€â”€â”€â”€â”€â”€â”€â”€â”€â”€â”€â”€â”€â”€â”€â”€â”€â”€
    ../../test-results/follow-ã‚¢ã‚¯ã‚»ã‚·ãƒ“ãƒªãƒ†ã‚£ãƒ†ã‚¹ãƒˆ-ãƒ•ã‚©ãƒ­ãƒ¼ãƒœã‚¿ãƒ³ã®aria-labelç¢ºèª-chromium/trace.zip
    Usage:

        npx playwright show-trace ../../test-results/follow-ã‚¢ã‚¯ã‚»ã‚·ãƒ“ãƒªãƒ†ã‚£ãƒ†ã‚¹ãƒˆ-ãƒ•ã‚©ãƒ­ãƒ¼ãƒœã‚¿ãƒ³ã®aria-labelç¢ºèª-chromium/trace.zip

    â”€â”€â”€â”€â”€â”€â”€â”€â”€â”€â”€â”€â”€â”€â”€â”€â”€â”€â”€â”€â”€â”€â”€â”€â”€â”€â”€â”€â”€â”€â”€â”€â”€â”€â”€â”€â”€â”€â”€â”€â”€â”€â”€â”€â”€â”€â”€â”€â”€â”€â”€â”€â”€â”€â”€â”€â”€â”€â”€â”€â”€â”€â”€â”€â”€â”€â”€â”€â”€â”€â”€â”€â”€â”€â”€â”€â”€â”€â”€â”€â”€â”€â”€â”€â”€â”€â”€â”€â”€â”€â”€â”€â”€â”€â”€â”€
]]>
</failure>
<system-out>
<![CDATA[
[[ATTACHMENT|test-results/follow-ã‚¢ã‚¯ã‚»ã‚·ãƒ“ãƒªãƒ†ã‚£ãƒ†ã‚¹ãƒˆ-ãƒ•ã‚©ãƒ­ãƒ¼ãƒœã‚¿ãƒ³ã®aria-labelç¢ºèª-chromium/test-failed-1.png]]

[[ATTACHMENT|test-results/follow-ã‚¢ã‚¯ã‚»ã‚·ãƒ“ãƒªãƒ†ã‚£ãƒ†ã‚¹ãƒˆ-ãƒ•ã‚©ãƒ­ãƒ¼ãƒœã‚¿ãƒ³ã®aria-labelç¢ºèª-chromium/video.webm]]

[[ATTACHMENT|test-results/follow-ã‚¢ã‚¯ã‚»ã‚·ãƒ“ãƒªãƒ†ã‚£ãƒ†ã‚¹ãƒˆ-ãƒ•ã‚©ãƒ­ãƒ¼ãƒœã‚¿ãƒ³ã®aria-labelç¢ºèª-chromium/error-context.md]]

[[ATTACHMENT|test-results/follow-ã‚¢ã‚¯ã‚»ã‚·ãƒ“ãƒªãƒ†ã‚£ãƒ†ã‚¹ãƒˆ-ãƒ•ã‚©ãƒ­ãƒ¼ãƒœã‚¿ãƒ³ã®aria-labelç¢ºèª-chromium/trace.zip]]
]]>
</system-out>
</testcase>
<testcase name="ã‚¢ã‚¯ã‚»ã‚·ãƒ“ãƒªãƒ†ã‚£ãƒ†ã‚¹ãƒˆ â€º ã‚­ãƒ¼ãƒœãƒ¼ãƒ‰æ“ä½œã§ãƒ•ã‚©ãƒ­ãƒ¼ãƒœã‚¿ãƒ³ã‚’æ“ä½œã§ãã‚‹" classname="follow.spec.ts" time="0.175">
<failure message="follow.spec.ts:340:7 ã‚­ãƒ¼ãƒœãƒ¼ãƒ‰æ“ä½œã§ãƒ•ã‚©ãƒ­ãƒ¼ãƒœã‚¿ãƒ³ã‚’æ“ä½œã§ãã‚‹" type="FAILURE">
<![CDATA[  [chromium] â€º follow.spec.ts:340:7 â€º ã‚¢ã‚¯ã‚»ã‚·ãƒ“ãƒªãƒ†ã‚£ãƒ†ã‚¹ãƒˆ â€º ã‚­ãƒ¼ãƒœãƒ¼ãƒ‰æ“ä½œã§ãƒ•ã‚©ãƒ­ãƒ¼ãƒœã‚¿ãƒ³ã‚’æ“ä½œã§ãã‚‹ â”€â”€â”€â”€â”€â”€â”€â”€â”€â”€â”€â”€â”€â”€â”€â”€â”€â”€â”€â”€â”€â”€â”€â”€â”€â”€

    Error: page.evaluate: SecurityError: Failed to read the 'localStorage' property from 'Window': Access is denied for this document.
        at UtilityScript.evaluate (<anonymous>:293:16)
        at UtilityScript.<anonymous> (<anonymous>:1:44)
        at UtilityScript.evaluate (<anonymous>:293:16)
        at UtilityScript.<anonymous> (<anonymous>:1:44)
        at mockLogin (/Users/yoshitaka.yamagishi/Documents/projects/my-board-app/tests/e2e/follow.spec.ts:26:14)
        at /Users/yoshitaka.yamagishi/Documents/projects/my-board-app/tests/e2e/follow.spec.ts:341:11

    attachment #1: screenshot (image/png) â”€â”€â”€â”€â”€â”€â”€â”€â”€â”€â”€â”€â”€â”€â”€â”€â”€â”€â”€â”€â”€â”€â”€â”€â”€â”€â”€â”€â”€â”€â”€â”€â”€â”€â”€â”€â”€â”€â”€â”€â”€â”€â”€â”€â”€â”€â”€â”€â”€â”€â”€â”€â”€â”€â”€â”€â”€â”€
    ../../test-results/follow-ã‚¢ã‚¯ã‚»ã‚·ãƒ“ãƒªãƒ†ã‚£ãƒ†ã‚¹ãƒˆ-ã‚­ãƒ¼ãƒœãƒ¼ãƒ‰æ“ä½œã§ãƒ•ã‚©ãƒ­ãƒ¼ãƒœã‚¿ãƒ³ã‚’æ“ä½œã§ãã‚‹-chromium/test-failed-1.png
    â”€â”€â”€â”€â”€â”€â”€â”€â”€â”€â”€â”€â”€â”€â”€â”€â”€â”€â”€â”€â”€â”€â”€â”€â”€â”€â”€â”€â”€â”€â”€â”€â”€â”€â”€â”€â”€â”€â”€â”€â”€â”€â”€â”€â”€â”€â”€â”€â”€â”€â”€â”€â”€â”€â”€â”€â”€â”€â”€â”€â”€â”€â”€â”€â”€â”€â”€â”€â”€â”€â”€â”€â”€â”€â”€â”€â”€â”€â”€â”€â”€â”€â”€â”€â”€â”€â”€â”€â”€â”€â”€â”€â”€â”€â”€â”€

    attachment #2: video (video/webm) â”€â”€â”€â”€â”€â”€â”€â”€â”€â”€â”€â”€â”€â”€â”€â”€â”€â”€â”€â”€â”€â”€â”€â”€â”€â”€â”€â”€â”€â”€â”€â”€â”€â”€â”€â”€â”€â”€â”€â”€â”€â”€â”€â”€â”€â”€â”€â”€â”€â”€â”€â”€â”€â”€â”€â”€â”€â”€â”€â”€â”€â”€
    ../../test-results/follow-ã‚¢ã‚¯ã‚»ã‚·ãƒ“ãƒªãƒ†ã‚£ãƒ†ã‚¹ãƒˆ-ã‚­ãƒ¼ãƒœãƒ¼ãƒ‰æ“ä½œã§ãƒ•ã‚©ãƒ­ãƒ¼ãƒœã‚¿ãƒ³ã‚’æ“ä½œã§ãã‚‹-chromium/video.webm
    â”€â”€â”€â”€â”€â”€â”€â”€â”€â”€â”€â”€â”€â”€â”€â”€â”€â”€â”€â”€â”€â”€â”€â”€â”€â”€â”€â”€â”€â”€â”€â”€â”€â”€â”€â”€â”€â”€â”€â”€â”€â”€â”€â”€â”€â”€â”€â”€â”€â”€â”€â”€â”€â”€â”€â”€â”€â”€â”€â”€â”€â”€â”€â”€â”€â”€â”€â”€â”€â”€â”€â”€â”€â”€â”€â”€â”€â”€â”€â”€â”€â”€â”€â”€â”€â”€â”€â”€â”€â”€â”€â”€â”€â”€â”€â”€

    attachment #3: trace (application/zip) â”€â”€â”€â”€â”€â”€â”€â”€â”€â”€â”€â”€â”€â”€â”€â”€â”€â”€â”€â”€â”€â”€â”€â”€â”€â”€â”€â”€â”€â”€â”€â”€â”€â”€â”€â”€â”€â”€â”€â”€â”€â”€â”€â”€â”€â”€â”€â”€â”€â”€â”€â”€â”€â”€â”€â”€â”€
    ../../test-results/follow-ã‚¢ã‚¯ã‚»ã‚·ãƒ“ãƒªãƒ†ã‚£ãƒ†ã‚¹ãƒˆ-ã‚­ãƒ¼ãƒœãƒ¼ãƒ‰æ“ä½œã§ãƒ•ã‚©ãƒ­ãƒ¼ãƒœã‚¿ãƒ³ã‚’æ“ä½œã§ãã‚‹-chromium/trace.zip
    Usage:

        npx playwright show-trace ../../test-results/follow-ã‚¢ã‚¯ã‚»ã‚·ãƒ“ãƒªãƒ†ã‚£ãƒ†ã‚¹ãƒˆ-ã‚­ãƒ¼ãƒœãƒ¼ãƒ‰æ“ä½œã§ãƒ•ã‚©ãƒ­ãƒ¼ãƒœã‚¿ãƒ³ã‚’æ“ä½œã§ãã‚‹-chromium/trace.zip

    â”€â”€â”€â”€â”€â”€â”€â”€â”€â”€â”€â”€â”€â”€â”€â”€â”€â”€â”€â”€â”€â”€â”€â”€â”€â”€â”€â”€â”€â”€â”€â”€â”€â”€â”€â”€â”€â”€â”€â”€â”€â”€â”€â”€â”€â”€â”€â”€â”€â”€â”€â”€â”€â”€â”€â”€â”€â”€â”€â”€â”€â”€â”€â”€â”€â”€â”€â”€â”€â”€â”€â”€â”€â”€â”€â”€â”€â”€â”€â”€â”€â”€â”€â”€â”€â”€â”€â”€â”€â”€â”€â”€â”€â”€â”€â”€
]]>
</failure>
<system-out>
<![CDATA[
[[ATTACHMENT|test-results/follow-ã‚¢ã‚¯ã‚»ã‚·ãƒ“ãƒªãƒ†ã‚£ãƒ†ã‚¹ãƒˆ-ã‚­ãƒ¼ãƒœãƒ¼ãƒ‰æ“ä½œã§ãƒ•ã‚©ãƒ­ãƒ¼ãƒœã‚¿ãƒ³ã‚’æ“ä½œã§ãã‚‹-chromium/test-failed-1.png]]

[[ATTACHMENT|test-results/follow-ã‚¢ã‚¯ã‚»ã‚·ãƒ“ãƒªãƒ†ã‚£ãƒ†ã‚¹ãƒˆ-ã‚­ãƒ¼ãƒœãƒ¼ãƒ‰æ“ä½œã§ãƒ•ã‚©ãƒ­ãƒ¼ãƒœã‚¿ãƒ³ã‚’æ“ä½œã§ãã‚‹-chromium/video.webm]]

[[ATTACHMENT|test-results/follow-ã‚¢ã‚¯ã‚»ã‚·ãƒ“ãƒªãƒ†ã‚£ãƒ†ã‚¹ãƒˆ-ã‚­ãƒ¼ãƒœãƒ¼ãƒ‰æ“ä½œã§ãƒ•ã‚©ãƒ­ãƒ¼ãƒœã‚¿ãƒ³ã‚’æ“ä½œã§ãã‚‹-chromium/trace.zip]]
]]>
</system-out>
</testcase>
</testsuite>
</testsuites>
